
*** Running vivado
    with args -log Num_Clock.vdi -applog -m64 -product Vivado -messageDb vivado.pb -mode batch -source Num_Clock.tcl -notrace


****** Vivado v2020.2 (64-bit)
  **** SW Build 3064766 on Wed Nov 18 09:12:47 MST 2020
  **** IP Build 3064653 on Wed Nov 18 14:17:31 MST 2020
    ** Copyright 1986-2020 Xilinx, Inc. All Rights Reserved.

source Num_Clock.tcl -notrace
Command: link_design -top Num_Clock -part xc7a35tcpg236-1
Design is defaulting to srcset: sources_1
Design is defaulting to constrset: constrs_1
INFO: [Device 21-403] Loading part xc7a35tcpg236-1
Netlist sorting complete. Time (s): cpu = 00:00:00 ; elapsed = 00:00:00.01 . Memory (MB): peak = 2310.293 ; gain = 0.000 ; free physical = 8434 ; free virtual = 26247
INFO: [Netlist 29-17] Analyzing 14 Unisim elements for replacement
INFO: [Netlist 29-28] Unisim Transformation completed in 0 CPU seconds
INFO: [Project 1-479] Netlist was created with Vivado 2020.2
INFO: [Project 1-570] Preparing netlist for logic optimization
Parsing XDC File [/home/houyayue/hodepoint/TextCode/Clock/Clock.srcs/constrs_1/new/Num_Clock_Con.xdc]
Finished Parsing XDC File [/home/houyayue/hodepoint/TextCode/Clock/Clock.srcs/constrs_1/new/Num_Clock_Con.xdc]
INFO: [Opt 31-138] Pushed 0 inverter(s) to 0 load pin(s).
Netlist sorting complete. Time (s): cpu = 00:00:00 ; elapsed = 00:00:00 . Memory (MB): peak = 2366.246 ; gain = 0.000 ; free physical = 8339 ; free virtual = 26152
INFO: [Project 1-111] Unisim Transformation Summary:
No Unisim elements were transformed.

7 Infos, 0 Warnings, 0 Critical Warnings and 0 Errors encountered.
link_design completed successfully
link_design: Time (s): cpu = 00:00:11 ; elapsed = 00:00:11 . Memory (MB): peak = 2366.246 ; gain = 56.027 ; free physical = 8339 ; free virtual = 26152
Command: opt_design
Attempting to get a license for feature 'Implementation' and/or device 'xc7a35t'
INFO: [Common 17-349] Got license for feature 'Implementation' and/or device 'xc7a35t'
Running DRC as a precondition to command opt_design

Starting DRC Task
INFO: [DRC 23-27] Running DRC with 8 threads
INFO: [Project 1-461] DRC finished with 0 Errors
INFO: [Project 1-462] Please refer to the DRC report (report_drc) for more information.

Time (s): cpu = 00:00:04 ; elapsed = 00:00:02 . Memory (MB): peak = 2430.277 ; gain = 64.031 ; free physical = 8330 ; free virtual = 26143

Starting Cache Timing Information Task
INFO: [Timing 38-35] Done setting XDC timing constraints.
Ending Cache Timing Information Task | Checksum: 138d07b26

Time (s): cpu = 00:00:13 ; elapsed = 00:00:13 . Memory (MB): peak = 2542.090 ; gain = 111.812 ; free physical = 7960 ; free virtual = 25773

Starting Logic Optimization Task

Phase 1 Retarget
INFO: [Opt 31-138] Pushed 0 inverter(s) to 0 load pin(s).
INFO: [Opt 31-49] Retargeted 0 cell(s).
Phase 1 Retarget | Checksum: 18c503b08

Time (s): cpu = 00:00:00.08 ; elapsed = 00:00:00.07 . Memory (MB): peak = 2714.059 ; gain = 0.000 ; free physical = 7790 ; free virtual = 25602
INFO: [Opt 31-389] Phase Retarget created 0 cells and removed 1 cells

Phase 2 Constant propagation
INFO: [Opt 31-138] Pushed 0 inverter(s) to 0 load pin(s).
Phase 2 Constant propagation | Checksum: 18c503b08

Time (s): cpu = 00:00:00.09 ; elapsed = 00:00:00.08 . Memory (MB): peak = 2714.059 ; gain = 0.000 ; free physical = 7790 ; free virtual = 25602
INFO: [Opt 31-389] Phase Constant propagation created 0 cells and removed 0 cells

Phase 3 Sweep
Phase 3 Sweep | Checksum: 1aa32cabb

Time (s): cpu = 00:00:00.11 ; elapsed = 00:00:00.10 . Memory (MB): peak = 2714.059 ; gain = 0.000 ; free physical = 7790 ; free virtual = 25602
INFO: [Opt 31-389] Phase Sweep created 4 cells and removed 0 cells

Phase 4 BUFG optimization
Phase 4 BUFG optimization | Checksum: 1aa32cabb

Time (s): cpu = 00:00:00.13 ; elapsed = 00:00:00.11 . Memory (MB): peak = 2714.059 ; gain = 0.000 ; free physical = 7790 ; free virtual = 25602
INFO: [Opt 31-662] Phase BUFG optimization created 0 cells of which 0 are BUFGs and removed 0 cells.

Phase 5 Shift Register Optimization
INFO: [Opt 31-1064] SRL Remap converted 0 SRLs to 0 registers and converted 0 registers of register chains to 0 SRLs
Phase 5 Shift Register Optimization | Checksum: 1aa32cabb

Time (s): cpu = 00:00:00.13 ; elapsed = 00:00:00.12 . Memory (MB): peak = 2714.059 ; gain = 0.000 ; free physical = 7790 ; free virtual = 25602
INFO: [Opt 31-389] Phase Shift Register Optimization created 0 cells and removed 0 cells

Phase 6 Post Processing Netlist
Phase 6 Post Processing Netlist | Checksum: 1aa32cabb

Time (s): cpu = 00:00:00.13 ; elapsed = 00:00:00.12 . Memory (MB): peak = 2714.059 ; gain = 0.000 ; free physical = 7790 ; free virtual = 25602
INFO: [Opt 31-389] Phase Post Processing Netlist created 0 cells and removed 0 cells
Opt_design Change Summary
=========================


-------------------------------------------------------------------------------------------------------------------------
|  Phase                        |  #Cells created  |  #Cells Removed  |  #Constrained objects preventing optimizations  |
-------------------------------------------------------------------------------------------------------------------------
|  Retarget                     |               0  |               1  |                                              0  |
|  Constant propagation         |               0  |               0  |                                              0  |
|  Sweep                        |               4  |               0  |                                              0  |
|  BUFG optimization            |               0  |               0  |                                              0  |
|  Shift Register Optimization  |               0  |               0  |                                              0  |
|  Post Processing Netlist      |               0  |               0  |                                              0  |
-------------------------------------------------------------------------------------------------------------------------



Starting Connectivity Check Task

Time (s): cpu = 00:00:00 ; elapsed = 00:00:00 . Memory (MB): peak = 2714.059 ; gain = 0.000 ; free physical = 7790 ; free virtual = 25603
Ending Logic Optimization Task | Checksum: 131f9254f

Time (s): cpu = 00:00:00.34 ; elapsed = 00:00:00.17 . Memory (MB): peak = 2714.059 ; gain = 0.000 ; free physical = 7790 ; free virtual = 25603

Starting Power Optimization Task
INFO: [Pwropt 34-132] Skipping clock gating for clocks with a period < 2.00 ns.
Ending Power Optimization Task | Checksum: 131f9254f

Time (s): cpu = 00:00:00.24 ; elapsed = 00:00:00.04 . Memory (MB): peak = 2714.059 ; gain = 0.000 ; free physical = 7790 ; free virtual = 25603

Starting Final Cleanup Task
Ending Final Cleanup Task | Checksum: 131f9254f

Time (s): cpu = 00:00:00 ; elapsed = 00:00:00 . Memory (MB): peak = 2714.059 ; gain = 0.000 ; free physical = 7790 ; free virtual = 25603

Starting Netlist Obfuscation Task
Netlist sorting complete. Time (s): cpu = 00:00:00 ; elapsed = 00:00:00 . Memory (MB): peak = 2714.059 ; gain = 0.000 ; free physical = 7790 ; free virtual = 25603
Ending Netlist Obfuscation Task | Checksum: 131f9254f

Time (s): cpu = 00:00:00 ; elapsed = 00:00:00 . Memory (MB): peak = 2714.059 ; gain = 0.000 ; free physical = 7790 ; free virtual = 25603
INFO: [Common 17-83] Releasing license: Implementation
24 Infos, 0 Warnings, 0 Critical Warnings and 0 Errors encountered.
opt_design completed successfully
opt_design: Time (s): cpu = 00:00:21 ; elapsed = 00:00:19 . Memory (MB): peak = 2714.059 ; gain = 347.812 ; free physical = 7790 ; free virtual = 25603
INFO: [Timing 38-480] Writing timing data to binary archive.
Writing placer database...
Writing XDEF routing.
Writing XDEF routing logical nets.
Writing XDEF routing special nets.
Write XDEF Complete: Time (s): cpu = 00:00:00.09 ; elapsed = 00:00:00.02 . Memory (MB): peak = 2754.078 ; gain = 0.000 ; free physical = 7788 ; free virtual = 25602
INFO: [Common 17-1381] The checkpoint '/home/houyayue/hodepoint/TextCode/Clock/Clock.runs/impl_1/Num_Clock_opt.dcp' has been generated.
INFO: [runtcl-4] Executing : report_drc -file Num_Clock_drc_opted.rpt -pb Num_Clock_drc_opted.pb -rpx Num_Clock_drc_opted.rpx
Command: report_drc -file Num_Clock_drc_opted.rpt -pb Num_Clock_drc_opted.pb -rpx Num_Clock_drc_opted.rpx
INFO: [IP_Flow 19-234] Refreshing IP repositories
INFO: [IP_Flow 19-1704] No user IP repositories specified
INFO: [IP_Flow 19-2313] Loaded Vivado IP repository '/home/houyayue/hodepoint/VIVADO/Vivado/2020.2/data/ip'.
INFO: [Timing 38-35] Done setting XDC timing constraints.
INFO: [DRC 23-27] Running DRC with 8 threads
INFO: [Coretcl 2-168] The results of DRC are in file /home/houyayue/hodepoint/TextCode/Clock/Clock.runs/impl_1/Num_Clock_drc_opted.rpt.
report_drc completed successfully
Command: place_design
Attempting to get a license for feature 'Implementation' and/or device 'xc7a35t'
INFO: [Common 17-349] Got license for feature 'Implementation' and/or device 'xc7a35t'
INFO: [DRC 23-27] Running DRC with 8 threads
INFO: [Vivado_Tcl 4-198] DRC finished with 0 Errors
INFO: [Vivado_Tcl 4-199] Please refer to the DRC report (report_drc) for more information.
Running DRC as a precondition to command place_design
INFO: [DRC 23-27] Running DRC with 8 threads
INFO: [Vivado_Tcl 4-198] DRC finished with 0 Errors
INFO: [Vivado_Tcl 4-199] Please refer to the DRC report (report_drc) for more information.

Starting Placer Task
INFO: [Place 30-611] Multithreading enabled for place_design using a maximum of 8 CPUs

Phase 1 Placer Initialization

Phase 1.1 Placer Initialization Netlist Sorting
Netlist sorting complete. Time (s): cpu = 00:00:00 ; elapsed = 00:00:00 . Memory (MB): peak = 2932.105 ; gain = 0.000 ; free physical = 7720 ; free virtual = 25532
Phase 1.1 Placer Initialization Netlist Sorting | Checksum: 53d0340f

Time (s): cpu = 00:00:00.02 ; elapsed = 00:00:00.05 . Memory (MB): peak = 2932.105 ; gain = 0.000 ; free physical = 7720 ; free virtual = 25532
Netlist sorting complete. Time (s): cpu = 00:00:00 ; elapsed = 00:00:00 . Memory (MB): peak = 2932.105 ; gain = 0.000 ; free physical = 7720 ; free virtual = 25532

Phase 1.2 IO Placement/ Clock Placement/ Build Placer Device
Phase 1.2 IO Placement/ Clock Placement/ Build Placer Device | Checksum: 146dfc408

Time (s): cpu = 00:00:02 ; elapsed = 00:00:00.91 . Memory (MB): peak = 2932.105 ; gain = 0.000 ; free physical = 7746 ; free virtual = 25559

Phase 1.3 Build Placer Netlist Model
Phase 1.3 Build Placer Netlist Model | Checksum: 1a4ecf2bf

Time (s): cpu = 00:00:03 ; elapsed = 00:00:01 . Memory (MB): peak = 2932.105 ; gain = 0.000 ; free physical = 7758 ; free virtual = 25571

Phase 1.4 Constrain Clocks/Macros
Phase 1.4 Constrain Clocks/Macros | Checksum: 1a4ecf2bf

Time (s): cpu = 00:00:03 ; elapsed = 00:00:01 . Memory (MB): peak = 2932.105 ; gain = 0.000 ; free physical = 7758 ; free virtual = 25571
Phase 1 Placer Initialization | Checksum: 1a4ecf2bf

Time (s): cpu = 00:00:03 ; elapsed = 00:00:01 . Memory (MB): peak = 2932.105 ; gain = 0.000 ; free physical = 7758 ; free virtual = 25571

Phase 2 Global Placement

Phase 2.1 Floorplanning
Phase 2.1 Floorplanning | Checksum: 1a4c20175

Time (s): cpu = 00:00:05 ; elapsed = 00:00:01 . Memory (MB): peak = 2932.105 ; gain = 0.000 ; free physical = 7754 ; free virtual = 25567

Phase 2.2 Update Timing before SLR Path Opt
Phase 2.2 Update Timing before SLR Path Opt | Checksum: 1584e876b

Time (s): cpu = 00:00:05 ; elapsed = 00:00:02 . Memory (MB): peak = 2932.105 ; gain = 0.000 ; free physical = 7756 ; free virtual = 25569

Phase 2.3 Global Placement Core

Phase 2.3.1 Physical Synthesis In Placer
INFO: [Physopt 32-1044] Break lutnm for timing: one critical 0, two critical 0, total 0, new lutff created 0
INFO: [Physopt 32-775] End 1 Pass. Optimized 0 net or cell. Created 0 new cell, deleted 0 existing cell and moved 0 existing cell
INFO: [Physopt 32-65] No nets found for high-fanout optimization.
INFO: [Physopt 32-232] Optimized 0 net. Created 0 new instance.
INFO: [Physopt 32-775] End 1 Pass. Optimized 0 net or cell. Created 0 new cell, deleted 0 existing cell and moved 0 existing cell
INFO: [Physopt 32-670] No setup violation found.  DSP Register Optimization was not performed.
INFO: [Physopt 32-670] No setup violation found.  Shift Register to Pipeline Optimization was not performed.
INFO: [Physopt 32-670] No setup violation found.  Shift Register Optimization was not performed.
INFO: [Physopt 32-670] No setup violation found.  BRAM Register Optimization was not performed.
INFO: [Physopt 32-670] No setup violation found.  URAM Register Optimization was not performed.
INFO: [Physopt 32-949] No candidate nets found for dynamic/static region interface net replication
INFO: [Physopt 32-775] End 1 Pass. Optimized 0 net or cell. Created 0 new cell, deleted 0 existing cell and moved 0 existing cell
Netlist sorting complete. Time (s): cpu = 00:00:00 ; elapsed = 00:00:00 . Memory (MB): peak = 2932.105 ; gain = 0.000 ; free physical = 7742 ; free virtual = 25555

Summary of Physical Synthesis Optimizations
============================================


-----------------------------------------------------------------------------------------------------------------------------------------------------------
|  Optimization                                     |  Added Cells  |  Removed Cells  |  Optimized Cells/Nets  |  Dont Touch  |  Iterations  |  Elapsed   |
-----------------------------------------------------------------------------------------------------------------------------------------------------------
|  LUT Combining                                    |            0  |              0  |                     0  |           0  |           1  |  00:00:00  |
|  Very High Fanout                                 |            0  |              0  |                     0  |           0  |           1  |  00:00:00  |
|  DSP Register                                     |            0  |              0  |                     0  |           0  |           0  |  00:00:00  |
|  Shift Register to Pipeline                       |            0  |              0  |                     0  |           0  |           0  |  00:00:00  |
|  Shift Register                                   |            0  |              0  |                     0  |           0  |           0  |  00:00:00  |
|  BRAM Register                                    |            0  |              0  |                     0  |           0  |           0  |  00:00:00  |
|  URAM Register                                    |            0  |              0  |                     0  |           0  |           0  |  00:00:00  |
|  Dynamic/Static Region Interface Net Replication  |            0  |              0  |                     0  |           0  |           1  |  00:00:00  |
|  Total                                            |            0  |              0  |                     0  |           0  |           3  |  00:00:00  |
-----------------------------------------------------------------------------------------------------------------------------------------------------------


Phase 2.3.1 Physical Synthesis In Placer | Checksum: 16a488353

Time (s): cpu = 00:00:27 ; elapsed = 00:00:06 . Memory (MB): peak = 2932.105 ; gain = 0.000 ; free physical = 7742 ; free virtual = 25555
Phase 2.3 Global Placement Core | Checksum: 18a3b2e6f

Time (s): cpu = 00:00:27 ; elapsed = 00:00:06 . Memory (MB): peak = 2932.105 ; gain = 0.000 ; free physical = 7742 ; free virtual = 25555
Phase 2 Global Placement | Checksum: 18a3b2e6f

Time (s): cpu = 00:00:27 ; elapsed = 00:00:06 . Memory (MB): peak = 2932.105 ; gain = 0.000 ; free physical = 7742 ; free virtual = 25555

Phase 3 Detail Placement

Phase 3.1 Commit Multi Column Macros
Phase 3.1 Commit Multi Column Macros | Checksum: 1a7f73560

Time (s): cpu = 00:00:27 ; elapsed = 00:00:06 . Memory (MB): peak = 2932.105 ; gain = 0.000 ; free physical = 7742 ; free virtual = 25555

Phase 3.2 Commit Most Macros & LUTRAMs
Phase 3.2 Commit Most Macros & LUTRAMs | Checksum: 1885a1501

Time (s): cpu = 00:00:28 ; elapsed = 00:00:06 . Memory (MB): peak = 2932.105 ; gain = 0.000 ; free physical = 7742 ; free virtual = 25555

Phase 3.3 Area Swap Optimization
Phase 3.3 Area Swap Optimization | Checksum: 1d5768316

Time (s): cpu = 00:00:28 ; elapsed = 00:00:06 . Memory (MB): peak = 2932.105 ; gain = 0.000 ; free physical = 7742 ; free virtual = 25555

Phase 3.4 Pipeline Register Optimization
Phase 3.4 Pipeline Register Optimization | Checksum: 19c7fc902

Time (s): cpu = 00:00:28 ; elapsed = 00:00:06 . Memory (MB): peak = 2932.105 ; gain = 0.000 ; free physical = 7742 ; free virtual = 25555

Phase 3.5 Small Shape Detail Placement
Phase 3.5 Small Shape Detail Placement | Checksum: 16a46f6f8

Time (s): cpu = 00:00:29 ; elapsed = 00:00:06 . Memory (MB): peak = 2932.105 ; gain = 0.000 ; free physical = 7740 ; free virtual = 25553

Phase 3.6 Re-assign LUT pins
Phase 3.6 Re-assign LUT pins | Checksum: 10722804a

Time (s): cpu = 00:00:29 ; elapsed = 00:00:06 . Memory (MB): peak = 2932.105 ; gain = 0.000 ; free physical = 7740 ; free virtual = 25553

Phase 3.7 Pipeline Register Optimization
Phase 3.7 Pipeline Register Optimization | Checksum: ae29c31e

Time (s): cpu = 00:00:29 ; elapsed = 00:00:06 . Memory (MB): peak = 2932.105 ; gain = 0.000 ; free physical = 7740 ; free virtual = 25553
Phase 3 Detail Placement | Checksum: ae29c31e

Time (s): cpu = 00:00:29 ; elapsed = 00:00:06 . Memory (MB): peak = 2932.105 ; gain = 0.000 ; free physical = 7740 ; free virtual = 25553

Phase 4 Post Placement Optimization and Clean-Up

Phase 4.1 Post Commit Optimization
INFO: [Timing 38-35] Done setting XDC timing constraints.

Phase 4.1.1 Post Placement Optimization
Post Placement Optimization Initialization | Checksum: 1b3af5595

Phase 4.1.1.1 BUFG Insertion

Starting Physical Synthesis Task

Phase 1 Physical Synthesis Initialization
INFO: [Physopt 32-721] Multithreading enabled for phys_opt_design using a maximum of 8 CPUs
INFO: [Physopt 32-619] Estimated Timing Summary | WNS=5.920 | TNS=0.000 |
Phase 1 Physical Synthesis Initialization | Checksum: 24a2f978b

Time (s): cpu = 00:00:00.16 ; elapsed = 00:00:00.02 . Memory (MB): peak = 2932.105 ; gain = 0.000 ; free physical = 7740 ; free virtual = 25553
INFO: [Place 46-56] BUFG insertion identified 0 candidate nets. Inserted BUFG: 0, Replicated BUFG Driver: 0, Skipped due to Placement/Routing Conflicts: 0, Skipped due to Timing Degradation: 0, Skipped due to Illegal Netlist: 0.
Ending Physical Synthesis Task | Checksum: 1ea11124b

Time (s): cpu = 00:00:00.18 ; elapsed = 00:00:00.02 . Memory (MB): peak = 2932.105 ; gain = 0.000 ; free physical = 7740 ; free virtual = 25553
Phase 4.1.1.1 BUFG Insertion | Checksum: 1b3af5595

Time (s): cpu = 00:00:30 ; elapsed = 00:00:06 . Memory (MB): peak = 2932.105 ; gain = 0.000 ; free physical = 7740 ; free virtual = 25553
INFO: [Place 30-746] Post Placement Timing Summary WNS=5.920. For the most accurate timing information please run report_timing.

Time (s): cpu = 00:00:30 ; elapsed = 00:00:06 . Memory (MB): peak = 2932.105 ; gain = 0.000 ; free physical = 7740 ; free virtual = 25553
Phase 4.1 Post Commit Optimization | Checksum: 1ebb71d51

Time (s): cpu = 00:00:30 ; elapsed = 00:00:06 . Memory (MB): peak = 2932.105 ; gain = 0.000 ; free physical = 7740 ; free virtual = 25553

Phase 4.2 Post Placement Cleanup
Phase 4.2 Post Placement Cleanup | Checksum: 1ebb71d51

Time (s): cpu = 00:00:30 ; elapsed = 00:00:06 . Memory (MB): peak = 2932.105 ; gain = 0.000 ; free physical = 7741 ; free virtual = 25554

Phase 4.3 Placer Reporting

Phase 4.3.1 Print Estimated Congestion
INFO: [Place 30-612] Post-Placement Estimated Congestion 
 ____________________________________________________
|           | Global Congestion | Short Congestion  |
| Direction | Region Size       | Region Size       |
|___________|___________________|___________________|
|      North|                1x1|                1x1|
|___________|___________________|___________________|
|      South|                1x1|                1x1|
|___________|___________________|___________________|
|       East|                1x1|                1x1|
|___________|___________________|___________________|
|       West|                1x1|                1x1|
|___________|___________________|___________________|

Phase 4.3.1 Print Estimated Congestion | Checksum: 1ebb71d51

Time (s): cpu = 00:00:30 ; elapsed = 00:00:06 . Memory (MB): peak = 2932.105 ; gain = 0.000 ; free physical = 7741 ; free virtual = 25554
Phase 4.3 Placer Reporting | Checksum: 1ebb71d51

Time (s): cpu = 00:00:30 ; elapsed = 00:00:06 . Memory (MB): peak = 2932.105 ; gain = 0.000 ; free physical = 7741 ; free virtual = 25554

Phase 4.4 Final Placement Cleanup
Netlist sorting complete. Time (s): cpu = 00:00:00 ; elapsed = 00:00:00 . Memory (MB): peak = 2932.105 ; gain = 0.000 ; free physical = 7741 ; free virtual = 25554

Time (s): cpu = 00:00:30 ; elapsed = 00:00:06 . Memory (MB): peak = 2932.105 ; gain = 0.000 ; free physical = 7741 ; free virtual = 25554
Phase 4 Post Placement Optimization and Clean-Up | Checksum: 15a274dae

Time (s): cpu = 00:00:30 ; elapsed = 00:00:06 . Memory (MB): peak = 2932.105 ; gain = 0.000 ; free physical = 7741 ; free virtual = 25554
Ending Placer Task | Checksum: 7a585168

Time (s): cpu = 00:00:30 ; elapsed = 00:00:06 . Memory (MB): peak = 2932.105 ; gain = 0.000 ; free physical = 7741 ; free virtual = 25554
INFO: [Common 17-83] Releasing license: Implementation
60 Infos, 0 Warnings, 0 Critical Warnings and 0 Errors encountered.
place_design completed successfully
place_design: Time (s): cpu = 00:00:33 ; elapsed = 00:00:08 . Memory (MB): peak = 2932.105 ; gain = 0.000 ; free physical = 7755 ; free virtual = 25568
INFO: [Timing 38-480] Writing timing data to binary archive.
Writing placer database...
Writing XDEF routing.
Writing XDEF routing logical nets.
Writing XDEF routing special nets.
Write XDEF Complete: Time (s): cpu = 00:00:00.17 ; elapsed = 00:00:00.06 . Memory (MB): peak = 2932.105 ; gain = 0.000 ; free physical = 7755 ; free virtual = 25569
INFO: [Common 17-1381] The checkpoint '/home/houyayue/hodepoint/TextCode/Clock/Clock.runs/impl_1/Num_Clock_placed.dcp' has been generated.
INFO: [runtcl-4] Executing : report_io -file Num_Clock_io_placed.rpt
report_io: Time (s): cpu = 00:00:00.16 ; elapsed = 00:00:00.22 . Memory (MB): peak = 2932.105 ; gain = 0.000 ; free physical = 7750 ; free virtual = 25563
INFO: [runtcl-4] Executing : report_utilization -file Num_Clock_utilization_placed.rpt -pb Num_Clock_utilization_placed.pb
INFO: [runtcl-4] Executing : report_control_sets -verbose -file Num_Clock_control_sets_placed.rpt
report_control_sets: Time (s): cpu = 00:00:00.07 ; elapsed = 00:00:00.15 . Memory (MB): peak = 2932.105 ; gain = 0.000 ; free physical = 7755 ; free virtual = 25569
Command: phys_opt_design
Attempting to get a license for feature 'Implementation' and/or device 'xc7a35t'
INFO: [Common 17-349] Got license for feature 'Implementation' and/or device 'xc7a35t'
INFO: [Vivado_Tcl 4-383] Design worst setup slack (WNS) is greater than or equal to 0.000 ns. Skipping all physical synthesis optimizations.
INFO: [Vivado_Tcl 4-232] No setup violation found. The netlist was not modified.
INFO: [Common 17-83] Releasing license: Implementation
69 Infos, 0 Warnings, 0 Critical Warnings and 0 Errors encountered.
phys_opt_design completed successfully
INFO: [Timing 38-480] Writing timing data to binary archive.
Writing placer database...
Writing XDEF routing.
Writing XDEF routing logical nets.
Writing XDEF routing special nets.
Write XDEF Complete: Time (s): cpu = 00:00:00.17 ; elapsed = 00:00:00.05 . Memory (MB): peak = 2932.105 ; gain = 0.000 ; free physical = 7725 ; free virtual = 25540
INFO: [Common 17-1381] The checkpoint '/home/houyayue/hodepoint/TextCode/Clock/Clock.runs/impl_1/Num_Clock_physopt.dcp' has been generated.
Command: route_design
Attempting to get a license for feature 'Implementation' and/or device 'xc7a35t'
INFO: [Common 17-349] Got license for feature 'Implementation' and/or device 'xc7a35t'
Running DRC as a precondition to command route_design
INFO: [DRC 23-27] Running DRC with 8 threads
INFO: [Vivado_Tcl 4-198] DRC finished with 0 Errors
INFO: [Vivado_Tcl 4-199] Please refer to the DRC report (report_drc) for more information.


Starting Routing Task
INFO: [Route 35-254] Multithreading enabled for route_design using a maximum of 8 CPUs
Checksum: PlaceDB: 47a8af4a ConstDB: 0 ShapeSum: 32afa21e RouteDB: 0

Phase 1 Build RT Design
Phase 1 Build RT Design | Checksum: 14b986edb

Time (s): cpu = 00:00:27 ; elapsed = 00:00:21 . Memory (MB): peak = 2932.105 ; gain = 0.000 ; free physical = 7614 ; free virtual = 25427
Post Restoration Checksum: NetGraph: 5ff8ebce NumContArr: eb9f830d Constraints: 0 Timing: 0

Phase 2 Router Initialization

Phase 2.1 Create Timer
Phase 2.1 Create Timer | Checksum: 14b986edb

Time (s): cpu = 00:00:27 ; elapsed = 00:00:21 . Memory (MB): peak = 2932.105 ; gain = 0.000 ; free physical = 7615 ; free virtual = 25428

Phase 2.2 Fix Topology Constraints
Phase 2.2 Fix Topology Constraints | Checksum: 14b986edb

Time (s): cpu = 00:00:27 ; elapsed = 00:00:21 . Memory (MB): peak = 2932.105 ; gain = 0.000 ; free physical = 7581 ; free virtual = 25395

Phase 2.3 Pre Route Cleanup
Phase 2.3 Pre Route Cleanup | Checksum: 14b986edb

Time (s): cpu = 00:00:27 ; elapsed = 00:00:21 . Memory (MB): peak = 2932.105 ; gain = 0.000 ; free physical = 7581 ; free virtual = 25395
 Number of Nodes with overlaps = 0

Phase 2.4 Update Timing
Phase 2.4 Update Timing | Checksum: 1a51a65aa

Time (s): cpu = 00:00:27 ; elapsed = 00:00:21 . Memory (MB): peak = 2932.105 ; gain = 0.000 ; free physical = 7572 ; free virtual = 25386
INFO: [Route 35-416] Intermediate Timing Summary | WNS=5.923  | TNS=0.000  | WHS=-0.015 | THS=-0.157 |

Phase 2 Router Initialization | Checksum: 1418a242d

Time (s): cpu = 00:00:28 ; elapsed = 00:00:21 . Memory (MB): peak = 2932.105 ; gain = 0.000 ; free physical = 7572 ; free virtual = 25386

Router Utilization Summary
  Global Vertical Routing Utilization    = 0.000797257 %
  Global Horizontal Routing Utilization  = 0.00143155 %
  Routable Net Status*
  *Does not include unroutable nets such as driverless and loadless.
  Run report_route_status for detailed report.
  Number of Failed Nets               = 177
    (Failed Nets is the sum of unrouted and partially routed nets)
  Number of Unrouted Nets             = 175
  Number of Partially Routed Nets     = 2
  Number of Node Overlaps             = 0


Phase 3 Initial Routing

Phase 3.1 Global Routing
Phase 3.1 Global Routing | Checksum: 1418a242d

Time (s): cpu = 00:00:28 ; elapsed = 00:00:21 . Memory (MB): peak = 2932.105 ; gain = 0.000 ; free physical = 7572 ; free virtual = 25385
Phase 3 Initial Routing | Checksum: 16be85dd6

Time (s): cpu = 00:00:28 ; elapsed = 00:00:22 . Memory (MB): peak = 2932.105 ; gain = 0.000 ; free physical = 7574 ; free virtual = 25388

Phase 4 Rip-up And Reroute

Phase 4.1 Global Iteration 0
 Number of Nodes with overlaps = 16
 Number of Nodes with overlaps = 0
INFO: [Route 35-416] Intermediate Timing Summary | WNS=4.977  | TNS=0.000  | WHS=N/A    | THS=N/A    |

Phase 4.1 Global Iteration 0 | Checksum: be8a0104

Time (s): cpu = 00:00:29 ; elapsed = 00:00:22 . Memory (MB): peak = 2932.105 ; gain = 0.000 ; free physical = 7575 ; free virtual = 25388
Phase 4 Rip-up And Reroute | Checksum: be8a0104

Time (s): cpu = 00:00:29 ; elapsed = 00:00:22 . Memory (MB): peak = 2932.105 ; gain = 0.000 ; free physical = 7575 ; free virtual = 25388

Phase 5 Delay and Skew Optimization

Phase 5.1 Delay CleanUp

Phase 5.1.1 Update Timing
Phase 5.1.1 Update Timing | Checksum: 180b656b1

Time (s): cpu = 00:00:29 ; elapsed = 00:00:22 . Memory (MB): peak = 2932.105 ; gain = 0.000 ; free physical = 7575 ; free virtual = 25388
INFO: [Route 35-416] Intermediate Timing Summary | WNS=5.071  | TNS=0.000  | WHS=N/A    | THS=N/A    |

Phase 5.1 Delay CleanUp | Checksum: 180b656b1

Time (s): cpu = 00:00:29 ; elapsed = 00:00:22 . Memory (MB): peak = 2932.105 ; gain = 0.000 ; free physical = 7575 ; free virtual = 25388

Phase 5.2 Clock Skew Optimization
Phase 5.2 Clock Skew Optimization | Checksum: 180b656b1

Time (s): cpu = 00:00:29 ; elapsed = 00:00:22 . Memory (MB): peak = 2932.105 ; gain = 0.000 ; free physical = 7575 ; free virtual = 25388
Phase 5 Delay and Skew Optimization | Checksum: 180b656b1

Time (s): cpu = 00:00:29 ; elapsed = 00:00:22 . Memory (MB): peak = 2932.105 ; gain = 0.000 ; free physical = 7575 ; free virtual = 25389

Phase 6 Post Hold Fix

Phase 6.1 Hold Fix Iter

Phase 6.1.1 Update Timing
Phase 6.1.1 Update Timing | Checksum: 13ddce8fa

Time (s): cpu = 00:00:29 ; elapsed = 00:00:22 . Memory (MB): peak = 2932.105 ; gain = 0.000 ; free physical = 7575 ; free virtual = 25388
INFO: [Route 35-416] Intermediate Timing Summary | WNS=5.071  | TNS=0.000  | WHS=0.104  | THS=0.000  |

Phase 6.1 Hold Fix Iter | Checksum: 17b230c92

Time (s): cpu = 00:00:29 ; elapsed = 00:00:22 . Memory (MB): peak = 2932.105 ; gain = 0.000 ; free physical = 7575 ; free virtual = 25388
Phase 6 Post Hold Fix | Checksum: 17b230c92

Time (s): cpu = 00:00:29 ; elapsed = 00:00:22 . Memory (MB): peak = 2932.105 ; gain = 0.000 ; free physical = 7575 ; free virtual = 25388

Phase 7 Route finalize

Router Utilization Summary
  Global Vertical Routing Utilization    = 0.0235191 %
  Global Horizontal Routing Utilization  = 0.0226445 %
  Routable Net Status*
  *Does not include unroutable nets such as driverless and loadless.
  Run report_route_status for detailed report.
  Number of Failed Nets               = 0
    (Failed Nets is the sum of unrouted and partially routed nets)
  Number of Unrouted Nets             = 0
  Number of Partially Routed Nets     = 0
  Number of Node Overlaps             = 0

Phase 7 Route finalize | Checksum: 16ece1945

Time (s): cpu = 00:00:29 ; elapsed = 00:00:22 . Memory (MB): peak = 2932.105 ; gain = 0.000 ; free physical = 7575 ; free virtual = 25388

Phase 8 Verifying routed nets

 Verification completed successfully
Phase 8 Verifying routed nets | Checksum: 16ece1945

Time (s): cpu = 00:00:29 ; elapsed = 00:00:22 . Memory (MB): peak = 2932.105 ; gain = 0.000 ; free physical = 7573 ; free virtual = 25386

Phase 9 Depositing Routes
Phase 9 Depositing Routes | Checksum: 17ce38399

Time (s): cpu = 00:00:29 ; elapsed = 00:00:22 . Memory (MB): peak = 2950.059 ; gain = 17.953 ; free physical = 7573 ; free virtual = 25386

Phase 10 Post Router Timing
INFO: [Route 35-57] Estimated Timing Summary | WNS=5.071  | TNS=0.000  | WHS=0.104  | THS=0.000  |

INFO: [Route 35-327] The final timing numbers are based on the router estimated timing analysis. For a complete and accurate timing signoff, please run report_timing_summary.
Phase 10 Post Router Timing | Checksum: 17ce38399

Time (s): cpu = 00:00:29 ; elapsed = 00:00:22 . Memory (MB): peak = 2950.059 ; gain = 17.953 ; free physical = 7573 ; free virtual = 25386
INFO: [Route 35-16] Router Completed Successfully

Time (s): cpu = 00:00:29 ; elapsed = 00:00:22 . Memory (MB): peak = 2950.059 ; gain = 17.953 ; free physical = 7606 ; free virtual = 25419

Routing Is Done.
INFO: [Common 17-83] Releasing license: Implementation
84 Infos, 0 Warnings, 0 Critical Warnings and 0 Errors encountered.
route_design completed successfully
route_design: Time (s): cpu = 00:00:33 ; elapsed = 00:00:24 . Memory (MB): peak = 2950.059 ; gain = 17.953 ; free physical = 7604 ; free virtual = 25418
INFO: [Timing 38-480] Writing timing data to binary archive.
Writing placer database...
Writing XDEF routing.
Writing XDEF routing logical nets.
Writing XDEF routing special nets.
Write XDEF Complete: Time (s): cpu = 00:00:00.19 ; elapsed = 00:00:00.06 . Memory (MB): peak = 2950.059 ; gain = 0.000 ; free physical = 7605 ; free virtual = 25420
INFO: [Common 17-1381] The checkpoint '/home/houyayue/hodepoint/TextCode/Clock/Clock.runs/impl_1/Num_Clock_routed.dcp' has been generated.
INFO: [runtcl-4] Executing : report_drc -file Num_Clock_drc_routed.rpt -pb Num_Clock_drc_routed.pb -rpx Num_Clock_drc_routed.rpx
Command: report_drc -file Num_Clock_drc_routed.rpt -pb Num_Clock_drc_routed.pb -rpx Num_Clock_drc_routed.rpx
INFO: [IP_Flow 19-1839] IP Catalog is up to date.
INFO: [DRC 23-27] Running DRC with 8 threads
INFO: [Coretcl 2-168] The results of DRC are in file /home/houyayue/hodepoint/TextCode/Clock/Clock.runs/impl_1/Num_Clock_drc_routed.rpt.
report_drc completed successfully
INFO: [runtcl-4] Executing : report_methodology -file Num_Clock_methodology_drc_routed.rpt -pb Num_Clock_methodology_drc_routed.pb -rpx Num_Clock_methodology_drc_routed.rpx
Command: report_methodology -file Num_Clock_methodology_drc_routed.rpt -pb Num_Clock_methodology_drc_routed.pb -rpx Num_Clock_methodology_drc_routed.rpx
INFO: [Timing 38-35] Done setting XDC timing constraints.
INFO: [DRC 23-133] Running Methodology with 8 threads
INFO: [Coretcl 2-1520] The results of Report Methodology are in file /home/houyayue/hodepoint/TextCode/Clock/Clock.runs/impl_1/Num_Clock_methodology_drc_routed.rpt.
report_methodology completed successfully
INFO: [runtcl-4] Executing : report_power -file Num_Clock_power_routed.rpt -pb Num_Clock_power_summary_routed.pb -rpx Num_Clock_power_routed.rpx
Command: report_power -file Num_Clock_power_routed.rpt -pb Num_Clock_power_summary_routed.pb -rpx Num_Clock_power_routed.rpx
INFO: [Timing 38-35] Done setting XDC timing constraints.
Running Vector-less Activity Propagation...

Finished Running Vector-less Activity Propagation
96 Infos, 0 Warnings, 0 Critical Warnings and 0 Errors encountered.
report_power completed successfully
INFO: [runtcl-4] Executing : report_route_status -file Num_Clock_route_status.rpt -pb Num_Clock_route_status.pb
INFO: [runtcl-4] Executing : report_timing_summary -max_paths 10 -file Num_Clock_timing_summary_routed.rpt -pb Num_Clock_timing_summary_routed.pb -rpx Num_Clock_timing_summary_routed.rpx -warn_on_violation 
INFO: [Timing 38-91] UpdateTimingParams: Speed grade: -1, Delay Type: min_max.
INFO: [Timing 38-191] Multithreading enabled for timing update using a maximum of 8 CPUs
INFO: [runtcl-4] Executing : report_incremental_reuse -file Num_Clock_incremental_reuse_routed.rpt
INFO: [Vivado_Tcl 4-1062] Incremental flow is disabled. No incremental reuse Info to report.
INFO: [runtcl-4] Executing : report_clock_utilization -file Num_Clock_clock_utilization_routed.rpt
INFO: [runtcl-4] Executing : report_bus_skew -warn_on_violation -file Num_Clock_bus_skew_routed.rpt -pb Num_Clock_bus_skew_routed.pb -rpx Num_Clock_bus_skew_routed.rpx
INFO: [Timing 38-91] UpdateTimingParams: Speed grade: -1, Delay Type: min_max.
INFO: [Timing 38-191] Multithreading enabled for timing update using a maximum of 8 CPUs
INFO: [Common 17-206] Exiting Vivado at Mon Jun  7 12:54:52 2021...

*** Running vivado
    with args -log Num_Clock.vdi -applog -m64 -product Vivado -messageDb vivado.pb -mode batch -source Num_Clock.tcl -notrace


****** Vivado v2020.2 (64-bit)
  **** SW Build 3064766 on Wed Nov 18 09:12:47 MST 2020
  **** IP Build 3064653 on Wed Nov 18 14:17:31 MST 2020
    ** Copyright 1986-2020 Xilinx, Inc. All Rights Reserved.

source Num_Clock.tcl -notrace
Command: open_checkpoint Num_Clock_routed.dcp

Starting open_checkpoint Task

Time (s): cpu = 00:00:00.18 ; elapsed = 00:00:00.10 . Memory (MB): peak = 2304.102 ; gain = 2.969 ; free physical = 7988 ; free virtual = 25802
INFO: [Device 21-403] Loading part xc7a35tcpg236-1
Netlist sorting complete. Time (s): cpu = 00:00:00 ; elapsed = 00:00:00.01 . Memory (MB): peak = 2304.199 ; gain = 0.000 ; free physical = 8437 ; free virtual = 26251
INFO: [Netlist 29-17] Analyzing 14 Unisim elements for replacement
INFO: [Netlist 29-28] Unisim Transformation completed in 0 CPU seconds
INFO: [Project 1-479] Netlist was created with Vivado 2020.2
INFO: [Project 1-570] Preparing netlist for logic optimization
INFO: [Timing 38-478] Restoring timing data from binary archive.
INFO: [Timing 38-479] Binary timing data restore complete.
INFO: [Project 1-856] Restoring constraints from binary archive.
INFO: [Project 1-853] Binary constraint restore complete.
Reading XDEF placement.
Reading placer database...
Reading XDEF routing.
Read XDEF File: Time (s): cpu = 00:00:00.18 ; elapsed = 00:00:00.23 . Memory (MB): peak = 2481.867 ; gain = 5.938 ; free physical = 7919 ; free virtual = 25733
Restored from archive | CPU: 0.220000 secs | Memory: 1.385811 MB |
Finished XDEF File Restore: Time (s): cpu = 00:00:00.18 ; elapsed = 00:00:00.23 . Memory (MB): peak = 2481.867 ; gain = 5.938 ; free physical = 7919 ; free virtual = 25733
Netlist sorting complete. Time (s): cpu = 00:00:00 ; elapsed = 00:00:00 . Memory (MB): peak = 2481.867 ; gain = 0.000 ; free physical = 7919 ; free virtual = 25733
INFO: [Project 1-111] Unisim Transformation Summary:
No Unisim elements were transformed.

INFO: [Project 1-604] Checkpoint was created with Vivado v2020.2 (64-bit) build 3064766
open_checkpoint: Time (s): cpu = 00:00:24 ; elapsed = 00:00:24 . Memory (MB): peak = 2481.867 ; gain = 186.672 ; free physical = 7919 ; free virtual = 25733
Command: write_bitstream -force Num_Clock.bit
Attempting to get a license for feature 'Implementation' and/or device 'xc7a35t'
INFO: [Common 17-349] Got license for feature 'Implementation' and/or device 'xc7a35t'
Running DRC as a precondition to command write_bitstream
INFO: [IP_Flow 19-234] Refreshing IP repositories
INFO: [IP_Flow 19-1704] No user IP repositories specified
INFO: [IP_Flow 19-2313] Loaded Vivado IP repository '/home/houyayue/hodepoint/VIVADO/Vivado/2020.2/data/ip'.
INFO: [DRC 23-27] Running DRC with 8 threads
INFO: [Vivado 12-3199] DRC finished with 0 Errors
INFO: [Vivado 12-3200] Please refer to the DRC report (report_drc) for more information.
INFO: [Designutils 20-2272] Running write_bitstream with 8 threads.
Loading data files...
Loading site data...
Loading route data...
Processing options...
Creating bitmap...
Creating bitstream...
Writing bitstream ./Num_Clock.bit...
INFO: [Vivado 12-1842] Bitgen Completed Successfully.
INFO: [Project 1-120] WebTalk data collection is mandatory when using a WebPACK part without a full Vivado license. To see the specific WebTalk data collected for your design, open the usage_statistics_webtalk.html or usage_statistics_webtalk.xml file in the implementation directory.
INFO: [Common 17-186] '/home/houyayue/hodepoint/TextCode/Clock/Clock.runs/impl_1/usage_statistics_webtalk.xml' has been successfully sent to Xilinx on Mon Jun  7 12:56:34 2021. For additional details about this file, please refer to the WebTalk help file at /home/houyayue/hodepoint/VIVADO/Vivado/2020.2/doc/webtalk_introduction.html.
INFO: [Common 17-83] Releasing license: Implementation
23 Infos, 0 Warnings, 0 Critical Warnings and 0 Errors encountered.
write_bitstream completed successfully
write_bitstream: Time (s): cpu = 00:00:23 ; elapsed = 00:00:27 . Memory (MB): peak = 2932.570 ; gain = 450.703 ; free physical = 7866 ; free virtual = 25683
INFO: [Common 17-206] Exiting Vivado at Mon Jun  7 12:56:34 2021...
