Copyright 1986-2020 Xilinx, Inc. All Rights Reserved.
-----------------------------------------------------------------------------------------------------------------------------------------------------------------------------------------
| Tool Version : Vivado v.2020.2 (lin64) Build 3064766 Wed Nov 18 09:12:47 MST 2020
| Date         : Fri May 28 02:10:16 2021
| Host         : houyayuepc running 64-bit Ubuntu 20.04.1 LTS
| Command      : report_timing_summary -max_paths 10 -file CuLigh_timing_summary_routed.rpt -pb CuLigh_timing_summary_routed.pb -rpx CuLigh_timing_summary_routed.rpx -warn_on_violation
| Design       : CuLigh
| Device       : 7a35t-cpg236
| Speed File   : -1  PRODUCTION 1.23 2018-06-13
-----------------------------------------------------------------------------------------------------------------------------------------------------------------------------------------

Timing Summary Report

------------------------------------------------------------------------------------------------
| Timer Settings
| --------------
------------------------------------------------------------------------------------------------

  Enable Multi Corner Analysis               :  Yes
  Enable Pessimism Removal                   :  Yes
  Pessimism Removal Resolution               :  Nearest Common Node
  Enable Input Delay Default Clock           :  No
  Enable Preset / Clear Arcs                 :  No
  Disable Flight Delays                      :  No
  Ignore I/O Paths                           :  No
  Timing Early Launch at Borrowing Latches   :  No
  Borrow Time for Max Delay Exceptions       :  Yes
  Merge Timing Exceptions                    :  Yes

  Corner  Analyze    Analyze    
  Name    Max Paths  Min Paths  
  ------  ---------  ---------  
  Slow    Yes        Yes        
  Fast    Yes        Yes        



check_timing report

Table of Contents
-----------------
1. checking no_clock (31)
2. checking constant_clock (0)
3. checking pulse_width_clock (0)
4. checking unconstrained_internal_endpoints (31)
5. checking no_input_delay (17)
6. checking no_output_delay (16)
7. checking multiple_clock (0)
8. checking generated_clocks (0)
9. checking loops (0)
10. checking partial_input_delay (0)
11. checking partial_output_delay (0)
12. checking latch_loops (0)

1. checking no_clock (31)
-------------------------
 There are 31 register/latch pins with no clock driven by root clock pin: clk1_reg[0]/Q (HIGH)


2. checking constant_clock (0)
------------------------------
 There are 0 register/latch pins with constant_clock.


3. checking pulse_width_clock (0)
---------------------------------
 There are 0 register/latch pins which need pulse_width check


4. checking unconstrained_internal_endpoints (31)
-------------------------------------------------
 There are 31 pins that are not constrained for maximum delay. (HIGH)

 There are 0 pins that are not constrained for maximum delay due to constant clock.


5. checking no_input_delay (17)
-------------------------------
 There are 17 input ports with no input delay specified. (HIGH)

 There are 0 input ports with no input delay but user has a false path constraint.


6. checking no_output_delay (16)
--------------------------------
 There are 16 ports with no output delay specified. (HIGH)

 There are 0 ports with no output delay but user has a false path constraint

 There are 0 ports with no output delay but with a timing clock defined on it or propagating through it


7. checking multiple_clock (0)
------------------------------
 There are 0 register/latch pins with multiple clocks.


8. checking generated_clocks (0)
--------------------------------
 There are 0 generated clocks that are not connected to a clock source.


9. checking loops (0)
---------------------
 There are 0 combinational loops in the design.


10. checking partial_input_delay (0)
------------------------------------
 There are 0 input ports with partial input delay specified.


11. checking partial_output_delay (0)
-------------------------------------
 There are 0 ports with partial output delay specified.


12. checking latch_loops (0)
----------------------------
 There are 0 combinational latch loops in the design through latch input



------------------------------------------------------------------------------------------------
| Design Timing Summary
| ---------------------
------------------------------------------------------------------------------------------------

    WNS(ns)      TNS(ns)  TNS Failing Endpoints  TNS Total Endpoints      WHS(ns)      THS(ns)  THS Failing Endpoints  THS Total Endpoints     WPWS(ns)     TPWS(ns)  TPWS Failing Endpoints  TPWS Total Endpoints  
    -------      -------  ---------------------  -------------------      -------      -------  ---------------------  -------------------     --------     --------  ----------------------  --------------------  
      5.007        0.000                      0                   58        0.103        0.000                      0                   58        4.500        0.000                       0                    31  


All user specified timing constraints are met.


------------------------------------------------------------------------------------------------
| Clock Summary
| -------------
------------------------------------------------------------------------------------------------

Clock        Waveform(ns)       Period(ns)      Frequency(MHz)
-----        ------------       ----------      --------------
sys_clk_pin  {0.000 5.000}      10.000          100.000         


------------------------------------------------------------------------------------------------
| Intra Clock Table
| -----------------
------------------------------------------------------------------------------------------------

Clock             WNS(ns)      TNS(ns)  TNS Failing Endpoints  TNS Total Endpoints      WHS(ns)      THS(ns)  THS Failing Endpoints  THS Total Endpoints     WPWS(ns)     TPWS(ns)  TPWS Failing Endpoints  TPWS Total Endpoints  
-----             -------      -------  ---------------------  -------------------      -------      -------  ---------------------  -------------------     --------     --------  ----------------------  --------------------  
sys_clk_pin         5.007        0.000                      0                   58        0.103        0.000                      0                   58        4.500        0.000                       0                    31  


------------------------------------------------------------------------------------------------
| Inter Clock Table
| -----------------
------------------------------------------------------------------------------------------------

From Clock    To Clock          WNS(ns)      TNS(ns)  TNS Failing Endpoints  TNS Total Endpoints      WHS(ns)      THS(ns)  THS Failing Endpoints  THS Total Endpoints  
----------    --------          -------      -------  ---------------------  -------------------      -------      -------  ---------------------  -------------------  


------------------------------------------------------------------------------------------------
| Other Path Groups Table
| -----------------------
------------------------------------------------------------------------------------------------

Path Group    From Clock    To Clock          WNS(ns)      TNS(ns)  TNS Failing Endpoints  TNS Total Endpoints      WHS(ns)      THS(ns)  THS Failing Endpoints  THS Total Endpoints  
----------    ----------    --------          -------      -------  ---------------------  -------------------      -------      -------  ---------------------  -------------------  


------------------------------------------------------------------------------------------------
| Timing Details
| --------------
------------------------------------------------------------------------------------------------


---------------------------------------------------------------------------------------------------
From Clock:  sys_clk_pin
  To Clock:  sys_clk_pin

Setup :            0  Failing Endpoints,  Worst Slack        5.007ns,  Total Violation        0.000ns
Hold  :            0  Failing Endpoints,  Worst Slack        0.103ns,  Total Violation        0.000ns
PW    :            0  Failing Endpoints,  Worst Slack        4.500ns,  Total Violation        0.000ns
---------------------------------------------------------------------------------------------------


Max Delay Paths
--------------------------------------------------------------------------------------
Slack (MET) :             5.007ns  (required time - arrival time)
  Source:                 counter_reg[4]/C
                            (rising edge-triggered cell FDRE clocked by sys_clk_pin  {rise@0.000ns fall@5.000ns period=10.000ns})
  Destination:            counter_reg[21]/R
                            (rising edge-triggered cell FDRE clocked by sys_clk_pin  {rise@0.000ns fall@5.000ns period=10.000ns})
  Path Group:             sys_clk_pin
  Path Type:              Setup (Max at Slow Process Corner)
  Requirement:            10.000ns  (sys_clk_pin rise@10.000ns - sys_clk_pin rise@0.000ns)
  Data Path Delay:        4.399ns  (logic 0.828ns (18.822%)  route 3.571ns (81.178%))
  Logic Levels:           3  (LUT4=2 LUT6=1)
  Clock Path Skew:        -0.130ns (DCD - SCD + CPR)
    Destination Clock Delay (DCD):    4.776ns = ( 14.776 - 10.000 ) 
    Source Clock Delay      (SCD):    5.085ns
    Clock Pessimism Removal (CPR):    0.180ns
  Clock Uncertainty:      0.035ns  ((TSJ^2 + TIJ^2)^1/2 + DJ) / 2 + PE
    Total System Jitter     (TSJ):    0.071ns
    Total Input Jitter      (TIJ):    0.000ns
    Discrete Jitter          (DJ):    0.000ns
    Phase Error              (PE):    0.000ns

    Location             Delay type                Incr(ns)  Path(ns)    Netlist Resource(s)
  -------------------------------------------------------------------    -------------------
                         (clock sys_clk_pin rise edge)
                                                      0.000     0.000 r  
    W5                                                0.000     0.000 r  CLK (IN)
                         net (fo=0)                   0.000     0.000    CLK
    W5                   IBUF (Prop_ibuf_I_O)         1.458     1.458 r  CLK_IBUF_inst/O
                         net (fo=1, routed)           1.967     3.425    CLK_IBUF
    BUFGCTRL_X0Y1        BUFG (Prop_bufg_I_O)         0.096     3.521 r  CLK_IBUF_BUFG_inst/O
                         net (fo=30, routed)          1.564     5.085    CLK_IBUF_BUFG
    SLICE_X35Y45         FDRE                                         r  counter_reg[4]/C
  -------------------------------------------------------------------    -------------------
    SLICE_X35Y45         FDRE (Prop_fdre_C_Q)         0.456     5.541 f  counter_reg[4]/Q
                         net (fo=2, routed)           0.692     6.234    counter_reg_n_0_[4]
    SLICE_X34Y45         LUT4 (Prop_lut4_I2_O)        0.124     6.358 f  counter[0]_i_6/O
                         net (fo=1, routed)           0.950     7.308    counter[0]_i_6_n_0
    SLICE_X34Y50         LUT6 (Prop_lut6_I5_O)        0.124     7.432 f  counter[0]_i_2/O
                         net (fo=3, routed)           0.969     8.401    counter[0]_i_2_n_0
    SLICE_X34Y46         LUT4 (Prop_lut4_I3_O)        0.124     8.525 r  counter[28]_i_1/O
                         net (fo=28, routed)          0.959     9.484    clk1
    SLICE_X35Y50         FDRE                                         r  counter_reg[21]/R
  -------------------------------------------------------------------    -------------------

                         (clock sys_clk_pin rise edge)
                                                     10.000    10.000 r  
    W5                                                0.000    10.000 r  CLK (IN)
                         net (fo=0)                   0.000    10.000    CLK
    W5                   IBUF (Prop_ibuf_I_O)         1.388    11.388 r  CLK_IBUF_inst/O
                         net (fo=1, routed)           1.862    13.250    CLK_IBUF
    BUFGCTRL_X0Y1        BUFG (Prop_bufg_I_O)         0.091    13.341 r  CLK_IBUF_BUFG_inst/O
                         net (fo=30, routed)          1.435    14.776    CLK_IBUF_BUFG
    SLICE_X35Y50         FDRE                                         r  counter_reg[21]/C
                         clock pessimism              0.180    14.956    
                         clock uncertainty           -0.035    14.920    
    SLICE_X35Y50         FDRE (Setup_fdre_C_R)       -0.429    14.491    counter_reg[21]
  -------------------------------------------------------------------
                         required time                         14.491    
                         arrival time                          -9.484    
  -------------------------------------------------------------------
                         slack                                  5.007    

Slack (MET) :             5.007ns  (required time - arrival time)
  Source:                 counter_reg[4]/C
                            (rising edge-triggered cell FDRE clocked by sys_clk_pin  {rise@0.000ns fall@5.000ns period=10.000ns})
  Destination:            counter_reg[22]/R
                            (rising edge-triggered cell FDRE clocked by sys_clk_pin  {rise@0.000ns fall@5.000ns period=10.000ns})
  Path Group:             sys_clk_pin
  Path Type:              Setup (Max at Slow Process Corner)
  Requirement:            10.000ns  (sys_clk_pin rise@10.000ns - sys_clk_pin rise@0.000ns)
  Data Path Delay:        4.399ns  (logic 0.828ns (18.822%)  route 3.571ns (81.178%))
  Logic Levels:           3  (LUT4=2 LUT6=1)
  Clock Path Skew:        -0.130ns (DCD - SCD + CPR)
    Destination Clock Delay (DCD):    4.776ns = ( 14.776 - 10.000 ) 
    Source Clock Delay      (SCD):    5.085ns
    Clock Pessimism Removal (CPR):    0.180ns
  Clock Uncertainty:      0.035ns  ((TSJ^2 + TIJ^2)^1/2 + DJ) / 2 + PE
    Total System Jitter     (TSJ):    0.071ns
    Total Input Jitter      (TIJ):    0.000ns
    Discrete Jitter          (DJ):    0.000ns
    Phase Error              (PE):    0.000ns

    Location             Delay type                Incr(ns)  Path(ns)    Netlist Resource(s)
  -------------------------------------------------------------------    -------------------
                         (clock sys_clk_pin rise edge)
                                                      0.000     0.000 r  
    W5                                                0.000     0.000 r  CLK (IN)
                         net (fo=0)                   0.000     0.000    CLK
    W5                   IBUF (Prop_ibuf_I_O)         1.458     1.458 r  CLK_IBUF_inst/O
                         net (fo=1, routed)           1.967     3.425    CLK_IBUF
    BUFGCTRL_X0Y1        BUFG (Prop_bufg_I_O)         0.096     3.521 r  CLK_IBUF_BUFG_inst/O
                         net (fo=30, routed)          1.564     5.085    CLK_IBUF_BUFG
    SLICE_X35Y45         FDRE                                         r  counter_reg[4]/C
  -------------------------------------------------------------------    -------------------
    SLICE_X35Y45         FDRE (Prop_fdre_C_Q)         0.456     5.541 f  counter_reg[4]/Q
                         net (fo=2, routed)           0.692     6.234    counter_reg_n_0_[4]
    SLICE_X34Y45         LUT4 (Prop_lut4_I2_O)        0.124     6.358 f  counter[0]_i_6/O
                         net (fo=1, routed)           0.950     7.308    counter[0]_i_6_n_0
    SLICE_X34Y50         LUT6 (Prop_lut6_I5_O)        0.124     7.432 f  counter[0]_i_2/O
                         net (fo=3, routed)           0.969     8.401    counter[0]_i_2_n_0
    SLICE_X34Y46         LUT4 (Prop_lut4_I3_O)        0.124     8.525 r  counter[28]_i_1/O
                         net (fo=28, routed)          0.959     9.484    clk1
    SLICE_X35Y50         FDRE                                         r  counter_reg[22]/R
  -------------------------------------------------------------------    -------------------

                         (clock sys_clk_pin rise edge)
                                                     10.000    10.000 r  
    W5                                                0.000    10.000 r  CLK (IN)
                         net (fo=0)                   0.000    10.000    CLK
    W5                   IBUF (Prop_ibuf_I_O)         1.388    11.388 r  CLK_IBUF_inst/O
                         net (fo=1, routed)           1.862    13.250    CLK_IBUF
    BUFGCTRL_X0Y1        BUFG (Prop_bufg_I_O)         0.091    13.341 r  CLK_IBUF_BUFG_inst/O
                         net (fo=30, routed)          1.435    14.776    CLK_IBUF_BUFG
    SLICE_X35Y50         FDRE                                         r  counter_reg[22]/C
                         clock pessimism              0.180    14.956    
                         clock uncertainty           -0.035    14.920    
    SLICE_X35Y50         FDRE (Setup_fdre_C_R)       -0.429    14.491    counter_reg[22]
  -------------------------------------------------------------------
                         required time                         14.491    
                         arrival time                          -9.484    
  -------------------------------------------------------------------
                         slack                                  5.007    

Slack (MET) :             5.007ns  (required time - arrival time)
  Source:                 counter_reg[4]/C
                            (rising edge-triggered cell FDRE clocked by sys_clk_pin  {rise@0.000ns fall@5.000ns period=10.000ns})
  Destination:            counter_reg[23]/R
                            (rising edge-triggered cell FDRE clocked by sys_clk_pin  {rise@0.000ns fall@5.000ns period=10.000ns})
  Path Group:             sys_clk_pin
  Path Type:              Setup (Max at Slow Process Corner)
  Requirement:            10.000ns  (sys_clk_pin rise@10.000ns - sys_clk_pin rise@0.000ns)
  Data Path Delay:        4.399ns  (logic 0.828ns (18.822%)  route 3.571ns (81.178%))
  Logic Levels:           3  (LUT4=2 LUT6=1)
  Clock Path Skew:        -0.130ns (DCD - SCD + CPR)
    Destination Clock Delay (DCD):    4.776ns = ( 14.776 - 10.000 ) 
    Source Clock Delay      (SCD):    5.085ns
    Clock Pessimism Removal (CPR):    0.180ns
  Clock Uncertainty:      0.035ns  ((TSJ^2 + TIJ^2)^1/2 + DJ) / 2 + PE
    Total System Jitter     (TSJ):    0.071ns
    Total Input Jitter      (TIJ):    0.000ns
    Discrete Jitter          (DJ):    0.000ns
    Phase Error              (PE):    0.000ns

    Location             Delay type                Incr(ns)  Path(ns)    Netlist Resource(s)
  -------------------------------------------------------------------    -------------------
                         (clock sys_clk_pin rise edge)
                                                      0.000     0.000 r  
    W5                                                0.000     0.000 r  CLK (IN)
                         net (fo=0)                   0.000     0.000    CLK
    W5                   IBUF (Prop_ibuf_I_O)         1.458     1.458 r  CLK_IBUF_inst/O
                         net (fo=1, routed)           1.967     3.425    CLK_IBUF
    BUFGCTRL_X0Y1        BUFG (Prop_bufg_I_O)         0.096     3.521 r  CLK_IBUF_BUFG_inst/O
                         net (fo=30, routed)          1.564     5.085    CLK_IBUF_BUFG
    SLICE_X35Y45         FDRE                                         r  counter_reg[4]/C
  -------------------------------------------------------------------    -------------------
    SLICE_X35Y45         FDRE (Prop_fdre_C_Q)         0.456     5.541 f  counter_reg[4]/Q
                         net (fo=2, routed)           0.692     6.234    counter_reg_n_0_[4]
    SLICE_X34Y45         LUT4 (Prop_lut4_I2_O)        0.124     6.358 f  counter[0]_i_6/O
                         net (fo=1, routed)           0.950     7.308    counter[0]_i_6_n_0
    SLICE_X34Y50         LUT6 (Prop_lut6_I5_O)        0.124     7.432 f  counter[0]_i_2/O
                         net (fo=3, routed)           0.969     8.401    counter[0]_i_2_n_0
    SLICE_X34Y46         LUT4 (Prop_lut4_I3_O)        0.124     8.525 r  counter[28]_i_1/O
                         net (fo=28, routed)          0.959     9.484    clk1
    SLICE_X35Y50         FDRE                                         r  counter_reg[23]/R
  -------------------------------------------------------------------    -------------------

                         (clock sys_clk_pin rise edge)
                                                     10.000    10.000 r  
    W5                                                0.000    10.000 r  CLK (IN)
                         net (fo=0)                   0.000    10.000    CLK
    W5                   IBUF (Prop_ibuf_I_O)         1.388    11.388 r  CLK_IBUF_inst/O
                         net (fo=1, routed)           1.862    13.250    CLK_IBUF
    BUFGCTRL_X0Y1        BUFG (Prop_bufg_I_O)         0.091    13.341 r  CLK_IBUF_BUFG_inst/O
                         net (fo=30, routed)          1.435    14.776    CLK_IBUF_BUFG
    SLICE_X35Y50         FDRE                                         r  counter_reg[23]/C
                         clock pessimism              0.180    14.956    
                         clock uncertainty           -0.035    14.920    
    SLICE_X35Y50         FDRE (Setup_fdre_C_R)       -0.429    14.491    counter_reg[23]
  -------------------------------------------------------------------
                         required time                         14.491    
                         arrival time                          -9.484    
  -------------------------------------------------------------------
                         slack                                  5.007    

Slack (MET) :             5.007ns  (required time - arrival time)
  Source:                 counter_reg[4]/C
                            (rising edge-triggered cell FDRE clocked by sys_clk_pin  {rise@0.000ns fall@5.000ns period=10.000ns})
  Destination:            counter_reg[24]/R
                            (rising edge-triggered cell FDRE clocked by sys_clk_pin  {rise@0.000ns fall@5.000ns period=10.000ns})
  Path Group:             sys_clk_pin
  Path Type:              Setup (Max at Slow Process Corner)
  Requirement:            10.000ns  (sys_clk_pin rise@10.000ns - sys_clk_pin rise@0.000ns)
  Data Path Delay:        4.399ns  (logic 0.828ns (18.822%)  route 3.571ns (81.178%))
  Logic Levels:           3  (LUT4=2 LUT6=1)
  Clock Path Skew:        -0.130ns (DCD - SCD + CPR)
    Destination Clock Delay (DCD):    4.776ns = ( 14.776 - 10.000 ) 
    Source Clock Delay      (SCD):    5.085ns
    Clock Pessimism Removal (CPR):    0.180ns
  Clock Uncertainty:      0.035ns  ((TSJ^2 + TIJ^2)^1/2 + DJ) / 2 + PE
    Total System Jitter     (TSJ):    0.071ns
    Total Input Jitter      (TIJ):    0.000ns
    Discrete Jitter          (DJ):    0.000ns
    Phase Error              (PE):    0.000ns

    Location             Delay type                Incr(ns)  Path(ns)    Netlist Resource(s)
  -------------------------------------------------------------------    -------------------
                         (clock sys_clk_pin rise edge)
                                                      0.000     0.000 r  
    W5                                                0.000     0.000 r  CLK (IN)
                         net (fo=0)                   0.000     0.000    CLK
    W5                   IBUF (Prop_ibuf_I_O)         1.458     1.458 r  CLK_IBUF_inst/O
                         net (fo=1, routed)           1.967     3.425    CLK_IBUF
    BUFGCTRL_X0Y1        BUFG (Prop_bufg_I_O)         0.096     3.521 r  CLK_IBUF_BUFG_inst/O
                         net (fo=30, routed)          1.564     5.085    CLK_IBUF_BUFG
    SLICE_X35Y45         FDRE                                         r  counter_reg[4]/C
  -------------------------------------------------------------------    -------------------
    SLICE_X35Y45         FDRE (Prop_fdre_C_Q)         0.456     5.541 f  counter_reg[4]/Q
                         net (fo=2, routed)           0.692     6.234    counter_reg_n_0_[4]
    SLICE_X34Y45         LUT4 (Prop_lut4_I2_O)        0.124     6.358 f  counter[0]_i_6/O
                         net (fo=1, routed)           0.950     7.308    counter[0]_i_6_n_0
    SLICE_X34Y50         LUT6 (Prop_lut6_I5_O)        0.124     7.432 f  counter[0]_i_2/O
                         net (fo=3, routed)           0.969     8.401    counter[0]_i_2_n_0
    SLICE_X34Y46         LUT4 (Prop_lut4_I3_O)        0.124     8.525 r  counter[28]_i_1/O
                         net (fo=28, routed)          0.959     9.484    clk1
    SLICE_X35Y50         FDRE                                         r  counter_reg[24]/R
  -------------------------------------------------------------------    -------------------

                         (clock sys_clk_pin rise edge)
                                                     10.000    10.000 r  
    W5                                                0.000    10.000 r  CLK (IN)
                         net (fo=0)                   0.000    10.000    CLK
    W5                   IBUF (Prop_ibuf_I_O)         1.388    11.388 r  CLK_IBUF_inst/O
                         net (fo=1, routed)           1.862    13.250    CLK_IBUF
    BUFGCTRL_X0Y1        BUFG (Prop_bufg_I_O)         0.091    13.341 r  CLK_IBUF_BUFG_inst/O
                         net (fo=30, routed)          1.435    14.776    CLK_IBUF_BUFG
    SLICE_X35Y50         FDRE                                         r  counter_reg[24]/C
                         clock pessimism              0.180    14.956    
                         clock uncertainty           -0.035    14.920    
    SLICE_X35Y50         FDRE (Setup_fdre_C_R)       -0.429    14.491    counter_reg[24]
  -------------------------------------------------------------------
                         required time                         14.491    
                         arrival time                          -9.484    
  -------------------------------------------------------------------
                         slack                                  5.007    

Slack (MET) :             5.164ns  (required time - arrival time)
  Source:                 counter_reg[4]/C
                            (rising edge-triggered cell FDRE clocked by sys_clk_pin  {rise@0.000ns fall@5.000ns period=10.000ns})
  Destination:            counter_reg[25]/R
                            (rising edge-triggered cell FDRE clocked by sys_clk_pin  {rise@0.000ns fall@5.000ns period=10.000ns})
  Path Group:             sys_clk_pin
  Path Type:              Setup (Max at Slow Process Corner)
  Requirement:            10.000ns  (sys_clk_pin rise@10.000ns - sys_clk_pin rise@0.000ns)
  Data Path Delay:        4.242ns  (logic 0.828ns (19.520%)  route 3.414ns (80.480%))
  Logic Levels:           3  (LUT4=2 LUT6=1)
  Clock Path Skew:        -0.130ns (DCD - SCD + CPR)
    Destination Clock Delay (DCD):    4.776ns = ( 14.776 - 10.000 ) 
    Source Clock Delay      (SCD):    5.085ns
    Clock Pessimism Removal (CPR):    0.180ns
  Clock Uncertainty:      0.035ns  ((TSJ^2 + TIJ^2)^1/2 + DJ) / 2 + PE
    Total System Jitter     (TSJ):    0.071ns
    Total Input Jitter      (TIJ):    0.000ns
    Discrete Jitter          (DJ):    0.000ns
    Phase Error              (PE):    0.000ns

    Location             Delay type                Incr(ns)  Path(ns)    Netlist Resource(s)
  -------------------------------------------------------------------    -------------------
                         (clock sys_clk_pin rise edge)
                                                      0.000     0.000 r  
    W5                                                0.000     0.000 r  CLK (IN)
                         net (fo=0)                   0.000     0.000    CLK
    W5                   IBUF (Prop_ibuf_I_O)         1.458     1.458 r  CLK_IBUF_inst/O
                         net (fo=1, routed)           1.967     3.425    CLK_IBUF
    BUFGCTRL_X0Y1        BUFG (Prop_bufg_I_O)         0.096     3.521 r  CLK_IBUF_BUFG_inst/O
                         net (fo=30, routed)          1.564     5.085    CLK_IBUF_BUFG
    SLICE_X35Y45         FDRE                                         r  counter_reg[4]/C
  -------------------------------------------------------------------    -------------------
    SLICE_X35Y45         FDRE (Prop_fdre_C_Q)         0.456     5.541 f  counter_reg[4]/Q
                         net (fo=2, routed)           0.692     6.234    counter_reg_n_0_[4]
    SLICE_X34Y45         LUT4 (Prop_lut4_I2_O)        0.124     6.358 f  counter[0]_i_6/O
                         net (fo=1, routed)           0.950     7.308    counter[0]_i_6_n_0
    SLICE_X34Y50         LUT6 (Prop_lut6_I5_O)        0.124     7.432 f  counter[0]_i_2/O
                         net (fo=3, routed)           0.969     8.401    counter[0]_i_2_n_0
    SLICE_X34Y46         LUT4 (Prop_lut4_I3_O)        0.124     8.525 r  counter[28]_i_1/O
                         net (fo=28, routed)          0.802     9.327    clk1
    SLICE_X35Y51         FDRE                                         r  counter_reg[25]/R
  -------------------------------------------------------------------    -------------------

                         (clock sys_clk_pin rise edge)
                                                     10.000    10.000 r  
    W5                                                0.000    10.000 r  CLK (IN)
                         net (fo=0)                   0.000    10.000    CLK
    W5                   IBUF (Prop_ibuf_I_O)         1.388    11.388 r  CLK_IBUF_inst/O
                         net (fo=1, routed)           1.862    13.250    CLK_IBUF
    BUFGCTRL_X0Y1        BUFG (Prop_bufg_I_O)         0.091    13.341 r  CLK_IBUF_BUFG_inst/O
                         net (fo=30, routed)          1.435    14.776    CLK_IBUF_BUFG
    SLICE_X35Y51         FDRE                                         r  counter_reg[25]/C
                         clock pessimism              0.180    14.956    
                         clock uncertainty           -0.035    14.920    
    SLICE_X35Y51         FDRE (Setup_fdre_C_R)       -0.429    14.491    counter_reg[25]
  -------------------------------------------------------------------
                         required time                         14.491    
                         arrival time                          -9.327    
  -------------------------------------------------------------------
                         slack                                  5.164    

Slack (MET) :             5.164ns  (required time - arrival time)
  Source:                 counter_reg[4]/C
                            (rising edge-triggered cell FDRE clocked by sys_clk_pin  {rise@0.000ns fall@5.000ns period=10.000ns})
  Destination:            counter_reg[26]/R
                            (rising edge-triggered cell FDRE clocked by sys_clk_pin  {rise@0.000ns fall@5.000ns period=10.000ns})
  Path Group:             sys_clk_pin
  Path Type:              Setup (Max at Slow Process Corner)
  Requirement:            10.000ns  (sys_clk_pin rise@10.000ns - sys_clk_pin rise@0.000ns)
  Data Path Delay:        4.242ns  (logic 0.828ns (19.520%)  route 3.414ns (80.480%))
  Logic Levels:           3  (LUT4=2 LUT6=1)
  Clock Path Skew:        -0.130ns (DCD - SCD + CPR)
    Destination Clock Delay (DCD):    4.776ns = ( 14.776 - 10.000 ) 
    Source Clock Delay      (SCD):    5.085ns
    Clock Pessimism Removal (CPR):    0.180ns
  Clock Uncertainty:      0.035ns  ((TSJ^2 + TIJ^2)^1/2 + DJ) / 2 + PE
    Total System Jitter     (TSJ):    0.071ns
    Total Input Jitter      (TIJ):    0.000ns
    Discrete Jitter          (DJ):    0.000ns
    Phase Error              (PE):    0.000ns

    Location             Delay type                Incr(ns)  Path(ns)    Netlist Resource(s)
  -------------------------------------------------------------------    -------------------
                         (clock sys_clk_pin rise edge)
                                                      0.000     0.000 r  
    W5                                                0.000     0.000 r  CLK (IN)
                         net (fo=0)                   0.000     0.000    CLK
    W5                   IBUF (Prop_ibuf_I_O)         1.458     1.458 r  CLK_IBUF_inst/O
                         net (fo=1, routed)           1.967     3.425    CLK_IBUF
    BUFGCTRL_X0Y1        BUFG (Prop_bufg_I_O)         0.096     3.521 r  CLK_IBUF_BUFG_inst/O
                         net (fo=30, routed)          1.564     5.085    CLK_IBUF_BUFG
    SLICE_X35Y45         FDRE                                         r  counter_reg[4]/C
  -------------------------------------------------------------------    -------------------
    SLICE_X35Y45         FDRE (Prop_fdre_C_Q)         0.456     5.541 f  counter_reg[4]/Q
                         net (fo=2, routed)           0.692     6.234    counter_reg_n_0_[4]
    SLICE_X34Y45         LUT4 (Prop_lut4_I2_O)        0.124     6.358 f  counter[0]_i_6/O
                         net (fo=1, routed)           0.950     7.308    counter[0]_i_6_n_0
    SLICE_X34Y50         LUT6 (Prop_lut6_I5_O)        0.124     7.432 f  counter[0]_i_2/O
                         net (fo=3, routed)           0.969     8.401    counter[0]_i_2_n_0
    SLICE_X34Y46         LUT4 (Prop_lut4_I3_O)        0.124     8.525 r  counter[28]_i_1/O
                         net (fo=28, routed)          0.802     9.327    clk1
    SLICE_X35Y51         FDRE                                         r  counter_reg[26]/R
  -------------------------------------------------------------------    -------------------

                         (clock sys_clk_pin rise edge)
                                                     10.000    10.000 r  
    W5                                                0.000    10.000 r  CLK (IN)
                         net (fo=0)                   0.000    10.000    CLK
    W5                   IBUF (Prop_ibuf_I_O)         1.388    11.388 r  CLK_IBUF_inst/O
                         net (fo=1, routed)           1.862    13.250    CLK_IBUF
    BUFGCTRL_X0Y1        BUFG (Prop_bufg_I_O)         0.091    13.341 r  CLK_IBUF_BUFG_inst/O
                         net (fo=30, routed)          1.435    14.776    CLK_IBUF_BUFG
    SLICE_X35Y51         FDRE                                         r  counter_reg[26]/C
                         clock pessimism              0.180    14.956    
                         clock uncertainty           -0.035    14.920    
    SLICE_X35Y51         FDRE (Setup_fdre_C_R)       -0.429    14.491    counter_reg[26]
  -------------------------------------------------------------------
                         required time                         14.491    
                         arrival time                          -9.327    
  -------------------------------------------------------------------
                         slack                                  5.164    

Slack (MET) :             5.164ns  (required time - arrival time)
  Source:                 counter_reg[4]/C
                            (rising edge-triggered cell FDRE clocked by sys_clk_pin  {rise@0.000ns fall@5.000ns period=10.000ns})
  Destination:            counter_reg[27]/R
                            (rising edge-triggered cell FDRE clocked by sys_clk_pin  {rise@0.000ns fall@5.000ns period=10.000ns})
  Path Group:             sys_clk_pin
  Path Type:              Setup (Max at Slow Process Corner)
  Requirement:            10.000ns  (sys_clk_pin rise@10.000ns - sys_clk_pin rise@0.000ns)
  Data Path Delay:        4.242ns  (logic 0.828ns (19.520%)  route 3.414ns (80.480%))
  Logic Levels:           3  (LUT4=2 LUT6=1)
  Clock Path Skew:        -0.130ns (DCD - SCD + CPR)
    Destination Clock Delay (DCD):    4.776ns = ( 14.776 - 10.000 ) 
    Source Clock Delay      (SCD):    5.085ns
    Clock Pessimism Removal (CPR):    0.180ns
  Clock Uncertainty:      0.035ns  ((TSJ^2 + TIJ^2)^1/2 + DJ) / 2 + PE
    Total System Jitter     (TSJ):    0.071ns
    Total Input Jitter      (TIJ):    0.000ns
    Discrete Jitter          (DJ):    0.000ns
    Phase Error              (PE):    0.000ns

    Location             Delay type                Incr(ns)  Path(ns)    Netlist Resource(s)
  -------------------------------------------------------------------    -------------------
                         (clock sys_clk_pin rise edge)
                                                      0.000     0.000 r  
    W5                                                0.000     0.000 r  CLK (IN)
                         net (fo=0)                   0.000     0.000    CLK
    W5                   IBUF (Prop_ibuf_I_O)         1.458     1.458 r  CLK_IBUF_inst/O
                         net (fo=1, routed)           1.967     3.425    CLK_IBUF
    BUFGCTRL_X0Y1        BUFG (Prop_bufg_I_O)         0.096     3.521 r  CLK_IBUF_BUFG_inst/O
                         net (fo=30, routed)          1.564     5.085    CLK_IBUF_BUFG
    SLICE_X35Y45         FDRE                                         r  counter_reg[4]/C
  -------------------------------------------------------------------    -------------------
    SLICE_X35Y45         FDRE (Prop_fdre_C_Q)         0.456     5.541 f  counter_reg[4]/Q
                         net (fo=2, routed)           0.692     6.234    counter_reg_n_0_[4]
    SLICE_X34Y45         LUT4 (Prop_lut4_I2_O)        0.124     6.358 f  counter[0]_i_6/O
                         net (fo=1, routed)           0.950     7.308    counter[0]_i_6_n_0
    SLICE_X34Y50         LUT6 (Prop_lut6_I5_O)        0.124     7.432 f  counter[0]_i_2/O
                         net (fo=3, routed)           0.969     8.401    counter[0]_i_2_n_0
    SLICE_X34Y46         LUT4 (Prop_lut4_I3_O)        0.124     8.525 r  counter[28]_i_1/O
                         net (fo=28, routed)          0.802     9.327    clk1
    SLICE_X35Y51         FDRE                                         r  counter_reg[27]/R
  -------------------------------------------------------------------    -------------------

                         (clock sys_clk_pin rise edge)
                                                     10.000    10.000 r  
    W5                                                0.000    10.000 r  CLK (IN)
                         net (fo=0)                   0.000    10.000    CLK
    W5                   IBUF (Prop_ibuf_I_O)         1.388    11.388 r  CLK_IBUF_inst/O
                         net (fo=1, routed)           1.862    13.250    CLK_IBUF
    BUFGCTRL_X0Y1        BUFG (Prop_bufg_I_O)         0.091    13.341 r  CLK_IBUF_BUFG_inst/O
                         net (fo=30, routed)          1.435    14.776    CLK_IBUF_BUFG
    SLICE_X35Y51         FDRE                                         r  counter_reg[27]/C
                         clock pessimism              0.180    14.956    
                         clock uncertainty           -0.035    14.920    
    SLICE_X35Y51         FDRE (Setup_fdre_C_R)       -0.429    14.491    counter_reg[27]
  -------------------------------------------------------------------
                         required time                         14.491    
                         arrival time                          -9.327    
  -------------------------------------------------------------------
                         slack                                  5.164    

Slack (MET) :             5.164ns  (required time - arrival time)
  Source:                 counter_reg[4]/C
                            (rising edge-triggered cell FDRE clocked by sys_clk_pin  {rise@0.000ns fall@5.000ns period=10.000ns})
  Destination:            counter_reg[28]/R
                            (rising edge-triggered cell FDRE clocked by sys_clk_pin  {rise@0.000ns fall@5.000ns period=10.000ns})
  Path Group:             sys_clk_pin
  Path Type:              Setup (Max at Slow Process Corner)
  Requirement:            10.000ns  (sys_clk_pin rise@10.000ns - sys_clk_pin rise@0.000ns)
  Data Path Delay:        4.242ns  (logic 0.828ns (19.520%)  route 3.414ns (80.480%))
  Logic Levels:           3  (LUT4=2 LUT6=1)
  Clock Path Skew:        -0.130ns (DCD - SCD + CPR)
    Destination Clock Delay (DCD):    4.776ns = ( 14.776 - 10.000 ) 
    Source Clock Delay      (SCD):    5.085ns
    Clock Pessimism Removal (CPR):    0.180ns
  Clock Uncertainty:      0.035ns  ((TSJ^2 + TIJ^2)^1/2 + DJ) / 2 + PE
    Total System Jitter     (TSJ):    0.071ns
    Total Input Jitter      (TIJ):    0.000ns
    Discrete Jitter          (DJ):    0.000ns
    Phase Error              (PE):    0.000ns

    Location             Delay type                Incr(ns)  Path(ns)    Netlist Resource(s)
  -------------------------------------------------------------------    -------------------
                         (clock sys_clk_pin rise edge)
                                                      0.000     0.000 r  
    W5                                                0.000     0.000 r  CLK (IN)
                         net (fo=0)                   0.000     0.000    CLK
    W5                   IBUF (Prop_ibuf_I_O)         1.458     1.458 r  CLK_IBUF_inst/O
                         net (fo=1, routed)           1.967     3.425    CLK_IBUF
    BUFGCTRL_X0Y1        BUFG (Prop_bufg_I_O)         0.096     3.521 r  CLK_IBUF_BUFG_inst/O
                         net (fo=30, routed)          1.564     5.085    CLK_IBUF_BUFG
    SLICE_X35Y45         FDRE                                         r  counter_reg[4]/C
  -------------------------------------------------------------------    -------------------
    SLICE_X35Y45         FDRE (Prop_fdre_C_Q)         0.456     5.541 f  counter_reg[4]/Q
                         net (fo=2, routed)           0.692     6.234    counter_reg_n_0_[4]
    SLICE_X34Y45         LUT4 (Prop_lut4_I2_O)        0.124     6.358 f  counter[0]_i_6/O
                         net (fo=1, routed)           0.950     7.308    counter[0]_i_6_n_0
    SLICE_X34Y50         LUT6 (Prop_lut6_I5_O)        0.124     7.432 f  counter[0]_i_2/O
                         net (fo=3, routed)           0.969     8.401    counter[0]_i_2_n_0
    SLICE_X34Y46         LUT4 (Prop_lut4_I3_O)        0.124     8.525 r  counter[28]_i_1/O
                         net (fo=28, routed)          0.802     9.327    clk1
    SLICE_X35Y51         FDRE                                         r  counter_reg[28]/R
  -------------------------------------------------------------------    -------------------

                         (clock sys_clk_pin rise edge)
                                                     10.000    10.000 r  
    W5                                                0.000    10.000 r  CLK (IN)
                         net (fo=0)                   0.000    10.000    CLK
    W5                   IBUF (Prop_ibuf_I_O)         1.388    11.388 r  CLK_IBUF_inst/O
                         net (fo=1, routed)           1.862    13.250    CLK_IBUF
    BUFGCTRL_X0Y1        BUFG (Prop_bufg_I_O)         0.091    13.341 r  CLK_IBUF_BUFG_inst/O
                         net (fo=30, routed)          1.435    14.776    CLK_IBUF_BUFG
    SLICE_X35Y51         FDRE                                         r  counter_reg[28]/C
                         clock pessimism              0.180    14.956    
                         clock uncertainty           -0.035    14.920    
    SLICE_X35Y51         FDRE (Setup_fdre_C_R)       -0.429    14.491    counter_reg[28]
  -------------------------------------------------------------------
                         required time                         14.491    
                         arrival time                          -9.327    
  -------------------------------------------------------------------
                         slack                                  5.164    

Slack (MET) :             5.404ns  (required time - arrival time)
  Source:                 counter_reg[4]/C
                            (rising edge-triggered cell FDRE clocked by sys_clk_pin  {rise@0.000ns fall@5.000ns period=10.000ns})
  Destination:            counter_reg[17]/R
                            (rising edge-triggered cell FDRE clocked by sys_clk_pin  {rise@0.000ns fall@5.000ns period=10.000ns})
  Path Group:             sys_clk_pin
  Path Type:              Setup (Max at Slow Process Corner)
  Requirement:            10.000ns  (sys_clk_pin rise@10.000ns - sys_clk_pin rise@0.000ns)
  Data Path Delay:        4.107ns  (logic 0.828ns (20.159%)  route 3.279ns (79.841%))
  Logic Levels:           3  (LUT4=2 LUT6=1)
  Clock Path Skew:        -0.024ns (DCD - SCD + CPR)
    Destination Clock Delay (DCD):    4.786ns = ( 14.786 - 10.000 ) 
    Source Clock Delay      (SCD):    5.085ns
    Clock Pessimism Removal (CPR):    0.275ns
  Clock Uncertainty:      0.035ns  ((TSJ^2 + TIJ^2)^1/2 + DJ) / 2 + PE
    Total System Jitter     (TSJ):    0.071ns
    Total Input Jitter      (TIJ):    0.000ns
    Discrete Jitter          (DJ):    0.000ns
    Phase Error              (PE):    0.000ns

    Location             Delay type                Incr(ns)  Path(ns)    Netlist Resource(s)
  -------------------------------------------------------------------    -------------------
                         (clock sys_clk_pin rise edge)
                                                      0.000     0.000 r  
    W5                                                0.000     0.000 r  CLK (IN)
                         net (fo=0)                   0.000     0.000    CLK
    W5                   IBUF (Prop_ibuf_I_O)         1.458     1.458 r  CLK_IBUF_inst/O
                         net (fo=1, routed)           1.967     3.425    CLK_IBUF
    BUFGCTRL_X0Y1        BUFG (Prop_bufg_I_O)         0.096     3.521 r  CLK_IBUF_BUFG_inst/O
                         net (fo=30, routed)          1.564     5.085    CLK_IBUF_BUFG
    SLICE_X35Y45         FDRE                                         r  counter_reg[4]/C
  -------------------------------------------------------------------    -------------------
    SLICE_X35Y45         FDRE (Prop_fdre_C_Q)         0.456     5.541 f  counter_reg[4]/Q
                         net (fo=2, routed)           0.692     6.234    counter_reg_n_0_[4]
    SLICE_X34Y45         LUT4 (Prop_lut4_I2_O)        0.124     6.358 f  counter[0]_i_6/O
                         net (fo=1, routed)           0.950     7.308    counter[0]_i_6_n_0
    SLICE_X34Y50         LUT6 (Prop_lut6_I5_O)        0.124     7.432 f  counter[0]_i_2/O
                         net (fo=3, routed)           0.969     8.401    counter[0]_i_2_n_0
    SLICE_X34Y46         LUT4 (Prop_lut4_I3_O)        0.124     8.525 r  counter[28]_i_1/O
                         net (fo=28, routed)          0.668     9.193    clk1
    SLICE_X35Y49         FDRE                                         r  counter_reg[17]/R
  -------------------------------------------------------------------    -------------------

                         (clock sys_clk_pin rise edge)
                                                     10.000    10.000 r  
    W5                                                0.000    10.000 r  CLK (IN)
                         net (fo=0)                   0.000    10.000    CLK
    W5                   IBUF (Prop_ibuf_I_O)         1.388    11.388 r  CLK_IBUF_inst/O
                         net (fo=1, routed)           1.862    13.250    CLK_IBUF
    BUFGCTRL_X0Y1        BUFG (Prop_bufg_I_O)         0.091    13.341 r  CLK_IBUF_BUFG_inst/O
                         net (fo=30, routed)          1.445    14.786    CLK_IBUF_BUFG
    SLICE_X35Y49         FDRE                                         r  counter_reg[17]/C
                         clock pessimism              0.275    15.061    
                         clock uncertainty           -0.035    15.026    
    SLICE_X35Y49         FDRE (Setup_fdre_C_R)       -0.429    14.597    counter_reg[17]
  -------------------------------------------------------------------
                         required time                         14.597    
                         arrival time                          -9.193    
  -------------------------------------------------------------------
                         slack                                  5.404    

Slack (MET) :             5.404ns  (required time - arrival time)
  Source:                 counter_reg[4]/C
                            (rising edge-triggered cell FDRE clocked by sys_clk_pin  {rise@0.000ns fall@5.000ns period=10.000ns})
  Destination:            counter_reg[18]/R
                            (rising edge-triggered cell FDRE clocked by sys_clk_pin  {rise@0.000ns fall@5.000ns period=10.000ns})
  Path Group:             sys_clk_pin
  Path Type:              Setup (Max at Slow Process Corner)
  Requirement:            10.000ns  (sys_clk_pin rise@10.000ns - sys_clk_pin rise@0.000ns)
  Data Path Delay:        4.107ns  (logic 0.828ns (20.159%)  route 3.279ns (79.841%))
  Logic Levels:           3  (LUT4=2 LUT6=1)
  Clock Path Skew:        -0.024ns (DCD - SCD + CPR)
    Destination Clock Delay (DCD):    4.786ns = ( 14.786 - 10.000 ) 
    Source Clock Delay      (SCD):    5.085ns
    Clock Pessimism Removal (CPR):    0.275ns
  Clock Uncertainty:      0.035ns  ((TSJ^2 + TIJ^2)^1/2 + DJ) / 2 + PE
    Total System Jitter     (TSJ):    0.071ns
    Total Input Jitter      (TIJ):    0.000ns
    Discrete Jitter          (DJ):    0.000ns
    Phase Error              (PE):    0.000ns

    Location             Delay type                Incr(ns)  Path(ns)    Netlist Resource(s)
  -------------------------------------------------------------------    -------------------
                         (clock sys_clk_pin rise edge)
                                                      0.000     0.000 r  
    W5                                                0.000     0.000 r  CLK (IN)
                         net (fo=0)                   0.000     0.000    CLK
    W5                   IBUF (Prop_ibuf_I_O)         1.458     1.458 r  CLK_IBUF_inst/O
                         net (fo=1, routed)           1.967     3.425    CLK_IBUF
    BUFGCTRL_X0Y1        BUFG (Prop_bufg_I_O)         0.096     3.521 r  CLK_IBUF_BUFG_inst/O
                         net (fo=30, routed)          1.564     5.085    CLK_IBUF_BUFG
    SLICE_X35Y45         FDRE                                         r  counter_reg[4]/C
  -------------------------------------------------------------------    -------------------
    SLICE_X35Y45         FDRE (Prop_fdre_C_Q)         0.456     5.541 f  counter_reg[4]/Q
                         net (fo=2, routed)           0.692     6.234    counter_reg_n_0_[4]
    SLICE_X34Y45         LUT4 (Prop_lut4_I2_O)        0.124     6.358 f  counter[0]_i_6/O
                         net (fo=1, routed)           0.950     7.308    counter[0]_i_6_n_0
    SLICE_X34Y50         LUT6 (Prop_lut6_I5_O)        0.124     7.432 f  counter[0]_i_2/O
                         net (fo=3, routed)           0.969     8.401    counter[0]_i_2_n_0
    SLICE_X34Y46         LUT4 (Prop_lut4_I3_O)        0.124     8.525 r  counter[28]_i_1/O
                         net (fo=28, routed)          0.668     9.193    clk1
    SLICE_X35Y49         FDRE                                         r  counter_reg[18]/R
  -------------------------------------------------------------------    -------------------

                         (clock sys_clk_pin rise edge)
                                                     10.000    10.000 r  
    W5                                                0.000    10.000 r  CLK (IN)
                         net (fo=0)                   0.000    10.000    CLK
    W5                   IBUF (Prop_ibuf_I_O)         1.388    11.388 r  CLK_IBUF_inst/O
                         net (fo=1, routed)           1.862    13.250    CLK_IBUF
    BUFGCTRL_X0Y1        BUFG (Prop_bufg_I_O)         0.091    13.341 r  CLK_IBUF_BUFG_inst/O
                         net (fo=30, routed)          1.445    14.786    CLK_IBUF_BUFG
    SLICE_X35Y49         FDRE                                         r  counter_reg[18]/C
                         clock pessimism              0.275    15.061    
                         clock uncertainty           -0.035    15.026    
    SLICE_X35Y49         FDRE (Setup_fdre_C_R)       -0.429    14.597    counter_reg[18]
  -------------------------------------------------------------------
                         required time                         14.597    
                         arrival time                          -9.193    
  -------------------------------------------------------------------
                         slack                                  5.404    





Min Delay Paths
--------------------------------------------------------------------------------------
Slack (MET) :             0.103ns  (arrival time - required time)
  Source:                 counter_reg[20]/C
                            (rising edge-triggered cell FDRE clocked by sys_clk_pin  {rise@0.000ns fall@5.000ns period=10.000ns})
  Destination:            counter_reg[21]/D
                            (rising edge-triggered cell FDRE clocked by sys_clk_pin  {rise@0.000ns fall@5.000ns period=10.000ns})
  Path Group:             sys_clk_pin
  Path Type:              Hold (Min at Fast Process Corner)
  Requirement:            0.000ns  (sys_clk_pin rise@0.000ns - sys_clk_pin rise@0.000ns)
  Data Path Delay:        0.475ns  (logic 0.355ns (74.742%)  route 0.120ns (25.258%))
  Logic Levels:           2  (CARRY4=2)
  Clock Path Skew:        0.267ns (DCD - SCD - CPR)
    Destination Clock Delay (DCD):    1.957ns
    Source Clock Delay      (SCD):    1.446ns
    Clock Pessimism Removal (CPR):    0.244ns

    Location             Delay type                Incr(ns)  Path(ns)    Netlist Resource(s)
  -------------------------------------------------------------------    -------------------
                         (clock sys_clk_pin rise edge)
                                                      0.000     0.000 r  
    W5                                                0.000     0.000 r  CLK (IN)
                         net (fo=0)                   0.000     0.000    CLK
    W5                   IBUF (Prop_ibuf_I_O)         0.226     0.226 r  CLK_IBUF_inst/O
                         net (fo=1, routed)           0.631     0.858    CLK_IBUF
    BUFGCTRL_X0Y1        BUFG (Prop_bufg_I_O)         0.026     0.884 r  CLK_IBUF_BUFG_inst/O
                         net (fo=30, routed)          0.563     1.446    CLK_IBUF_BUFG
    SLICE_X35Y49         FDRE                                         r  counter_reg[20]/C
  -------------------------------------------------------------------    -------------------
    SLICE_X35Y49         FDRE (Prop_fdre_C_Q)         0.141     1.587 r  counter_reg[20]/Q
                         net (fo=2, routed)           0.119     1.706    counter_reg_n_0_[20]
    SLICE_X35Y49         CARRY4 (Prop_carry4_S[3]_CO[3])
                                                      0.160     1.866 r  counter_reg[20]_i_1/CO[3]
                         net (fo=1, routed)           0.001     1.867    counter_reg[20]_i_1_n_0
    SLICE_X35Y50         CARRY4 (Prop_carry4_CI_O[0])
                                                      0.054     1.921 r  counter_reg[24]_i_1/O[0]
                         net (fo=1, routed)           0.000     1.921    data0[21]
    SLICE_X35Y50         FDRE                                         r  counter_reg[21]/D
  -------------------------------------------------------------------    -------------------

                         (clock sys_clk_pin rise edge)
                                                      0.000     0.000 r  
    W5                                                0.000     0.000 r  CLK (IN)
                         net (fo=0)                   0.000     0.000    CLK
    W5                   IBUF (Prop_ibuf_I_O)         0.414     0.414 r  CLK_IBUF_inst/O
                         net (fo=1, routed)           0.685     1.099    CLK_IBUF
    BUFGCTRL_X0Y1        BUFG (Prop_bufg_I_O)         0.029     1.128 r  CLK_IBUF_BUFG_inst/O
                         net (fo=30, routed)          0.829     1.957    CLK_IBUF_BUFG
    SLICE_X35Y50         FDRE                                         r  counter_reg[21]/C
                         clock pessimism             -0.244     1.713    
    SLICE_X35Y50         FDRE (Hold_fdre_C_D)         0.105     1.818    counter_reg[21]
  -------------------------------------------------------------------
                         required time                         -1.818    
                         arrival time                           1.921    
  -------------------------------------------------------------------
                         slack                                  0.103    

Slack (MET) :             0.114ns  (arrival time - required time)
  Source:                 counter_reg[20]/C
                            (rising edge-triggered cell FDRE clocked by sys_clk_pin  {rise@0.000ns fall@5.000ns period=10.000ns})
  Destination:            counter_reg[23]/D
                            (rising edge-triggered cell FDRE clocked by sys_clk_pin  {rise@0.000ns fall@5.000ns period=10.000ns})
  Path Group:             sys_clk_pin
  Path Type:              Hold (Min at Fast Process Corner)
  Requirement:            0.000ns  (sys_clk_pin rise@0.000ns - sys_clk_pin rise@0.000ns)
  Data Path Delay:        0.486ns  (logic 0.366ns (75.313%)  route 0.120ns (24.687%))
  Logic Levels:           2  (CARRY4=2)
  Clock Path Skew:        0.267ns (DCD - SCD - CPR)
    Destination Clock Delay (DCD):    1.957ns
    Source Clock Delay      (SCD):    1.446ns
    Clock Pessimism Removal (CPR):    0.244ns

    Location             Delay type                Incr(ns)  Path(ns)    Netlist Resource(s)
  -------------------------------------------------------------------    -------------------
                         (clock sys_clk_pin rise edge)
                                                      0.000     0.000 r  
    W5                                                0.000     0.000 r  CLK (IN)
                         net (fo=0)                   0.000     0.000    CLK
    W5                   IBUF (Prop_ibuf_I_O)         0.226     0.226 r  CLK_IBUF_inst/O
                         net (fo=1, routed)           0.631     0.858    CLK_IBUF
    BUFGCTRL_X0Y1        BUFG (Prop_bufg_I_O)         0.026     0.884 r  CLK_IBUF_BUFG_inst/O
                         net (fo=30, routed)          0.563     1.446    CLK_IBUF_BUFG
    SLICE_X35Y49         FDRE                                         r  counter_reg[20]/C
  -------------------------------------------------------------------    -------------------
    SLICE_X35Y49         FDRE (Prop_fdre_C_Q)         0.141     1.587 r  counter_reg[20]/Q
                         net (fo=2, routed)           0.119     1.706    counter_reg_n_0_[20]
    SLICE_X35Y49         CARRY4 (Prop_carry4_S[3]_CO[3])
                                                      0.160     1.866 r  counter_reg[20]_i_1/CO[3]
                         net (fo=1, routed)           0.001     1.867    counter_reg[20]_i_1_n_0
    SLICE_X35Y50         CARRY4 (Prop_carry4_CI_O[2])
                                                      0.065     1.932 r  counter_reg[24]_i_1/O[2]
                         net (fo=1, routed)           0.000     1.932    data0[23]
    SLICE_X35Y50         FDRE                                         r  counter_reg[23]/D
  -------------------------------------------------------------------    -------------------

                         (clock sys_clk_pin rise edge)
                                                      0.000     0.000 r  
    W5                                                0.000     0.000 r  CLK (IN)
                         net (fo=0)                   0.000     0.000    CLK
    W5                   IBUF (Prop_ibuf_I_O)         0.414     0.414 r  CLK_IBUF_inst/O
                         net (fo=1, routed)           0.685     1.099    CLK_IBUF
    BUFGCTRL_X0Y1        BUFG (Prop_bufg_I_O)         0.029     1.128 r  CLK_IBUF_BUFG_inst/O
                         net (fo=30, routed)          0.829     1.957    CLK_IBUF_BUFG
    SLICE_X35Y50         FDRE                                         r  counter_reg[23]/C
                         clock pessimism             -0.244     1.713    
    SLICE_X35Y50         FDRE (Hold_fdre_C_D)         0.105     1.818    counter_reg[23]
  -------------------------------------------------------------------
                         required time                         -1.818    
                         arrival time                           1.932    
  -------------------------------------------------------------------
                         slack                                  0.114    

Slack (MET) :             0.139ns  (arrival time - required time)
  Source:                 counter_reg[20]/C
                            (rising edge-triggered cell FDRE clocked by sys_clk_pin  {rise@0.000ns fall@5.000ns period=10.000ns})
  Destination:            counter_reg[22]/D
                            (rising edge-triggered cell FDRE clocked by sys_clk_pin  {rise@0.000ns fall@5.000ns period=10.000ns})
  Path Group:             sys_clk_pin
  Path Type:              Hold (Min at Fast Process Corner)
  Requirement:            0.000ns  (sys_clk_pin rise@0.000ns - sys_clk_pin rise@0.000ns)
  Data Path Delay:        0.511ns  (logic 0.391ns (76.521%)  route 0.120ns (23.479%))
  Logic Levels:           2  (CARRY4=2)
  Clock Path Skew:        0.267ns (DCD - SCD - CPR)
    Destination Clock Delay (DCD):    1.957ns
    Source Clock Delay      (SCD):    1.446ns
    Clock Pessimism Removal (CPR):    0.244ns

    Location             Delay type                Incr(ns)  Path(ns)    Netlist Resource(s)
  -------------------------------------------------------------------    -------------------
                         (clock sys_clk_pin rise edge)
                                                      0.000     0.000 r  
    W5                                                0.000     0.000 r  CLK (IN)
                         net (fo=0)                   0.000     0.000    CLK
    W5                   IBUF (Prop_ibuf_I_O)         0.226     0.226 r  CLK_IBUF_inst/O
                         net (fo=1, routed)           0.631     0.858    CLK_IBUF
    BUFGCTRL_X0Y1        BUFG (Prop_bufg_I_O)         0.026     0.884 r  CLK_IBUF_BUFG_inst/O
                         net (fo=30, routed)          0.563     1.446    CLK_IBUF_BUFG
    SLICE_X35Y49         FDRE                                         r  counter_reg[20]/C
  -------------------------------------------------------------------    -------------------
    SLICE_X35Y49         FDRE (Prop_fdre_C_Q)         0.141     1.587 r  counter_reg[20]/Q
                         net (fo=2, routed)           0.119     1.706    counter_reg_n_0_[20]
    SLICE_X35Y49         CARRY4 (Prop_carry4_S[3]_CO[3])
                                                      0.160     1.866 r  counter_reg[20]_i_1/CO[3]
                         net (fo=1, routed)           0.001     1.867    counter_reg[20]_i_1_n_0
    SLICE_X35Y50         CARRY4 (Prop_carry4_CI_O[1])
                                                      0.090     1.957 r  counter_reg[24]_i_1/O[1]
                         net (fo=1, routed)           0.000     1.957    data0[22]
    SLICE_X35Y50         FDRE                                         r  counter_reg[22]/D
  -------------------------------------------------------------------    -------------------

                         (clock sys_clk_pin rise edge)
                                                      0.000     0.000 r  
    W5                                                0.000     0.000 r  CLK (IN)
                         net (fo=0)                   0.000     0.000    CLK
    W5                   IBUF (Prop_ibuf_I_O)         0.414     0.414 r  CLK_IBUF_inst/O
                         net (fo=1, routed)           0.685     1.099    CLK_IBUF
    BUFGCTRL_X0Y1        BUFG (Prop_bufg_I_O)         0.029     1.128 r  CLK_IBUF_BUFG_inst/O
                         net (fo=30, routed)          0.829     1.957    CLK_IBUF_BUFG
    SLICE_X35Y50         FDRE                                         r  counter_reg[22]/C
                         clock pessimism             -0.244     1.713    
    SLICE_X35Y50         FDRE (Hold_fdre_C_D)         0.105     1.818    counter_reg[22]
  -------------------------------------------------------------------
                         required time                         -1.818    
                         arrival time                           1.957    
  -------------------------------------------------------------------
                         slack                                  0.139    

Slack (MET) :             0.139ns  (arrival time - required time)
  Source:                 counter_reg[20]/C
                            (rising edge-triggered cell FDRE clocked by sys_clk_pin  {rise@0.000ns fall@5.000ns period=10.000ns})
  Destination:            counter_reg[24]/D
                            (rising edge-triggered cell FDRE clocked by sys_clk_pin  {rise@0.000ns fall@5.000ns period=10.000ns})
  Path Group:             sys_clk_pin
  Path Type:              Hold (Min at Fast Process Corner)
  Requirement:            0.000ns  (sys_clk_pin rise@0.000ns - sys_clk_pin rise@0.000ns)
  Data Path Delay:        0.511ns  (logic 0.391ns (76.521%)  route 0.120ns (23.479%))
  Logic Levels:           2  (CARRY4=2)
  Clock Path Skew:        0.267ns (DCD - SCD - CPR)
    Destination Clock Delay (DCD):    1.957ns
    Source Clock Delay      (SCD):    1.446ns
    Clock Pessimism Removal (CPR):    0.244ns

    Location             Delay type                Incr(ns)  Path(ns)    Netlist Resource(s)
  -------------------------------------------------------------------    -------------------
                         (clock sys_clk_pin rise edge)
                                                      0.000     0.000 r  
    W5                                                0.000     0.000 r  CLK (IN)
                         net (fo=0)                   0.000     0.000    CLK
    W5                   IBUF (Prop_ibuf_I_O)         0.226     0.226 r  CLK_IBUF_inst/O
                         net (fo=1, routed)           0.631     0.858    CLK_IBUF
    BUFGCTRL_X0Y1        BUFG (Prop_bufg_I_O)         0.026     0.884 r  CLK_IBUF_BUFG_inst/O
                         net (fo=30, routed)          0.563     1.446    CLK_IBUF_BUFG
    SLICE_X35Y49         FDRE                                         r  counter_reg[20]/C
  -------------------------------------------------------------------    -------------------
    SLICE_X35Y49         FDRE (Prop_fdre_C_Q)         0.141     1.587 r  counter_reg[20]/Q
                         net (fo=2, routed)           0.119     1.706    counter_reg_n_0_[20]
    SLICE_X35Y49         CARRY4 (Prop_carry4_S[3]_CO[3])
                                                      0.160     1.866 r  counter_reg[20]_i_1/CO[3]
                         net (fo=1, routed)           0.001     1.867    counter_reg[20]_i_1_n_0
    SLICE_X35Y50         CARRY4 (Prop_carry4_CI_O[3])
                                                      0.090     1.957 r  counter_reg[24]_i_1/O[3]
                         net (fo=1, routed)           0.000     1.957    data0[24]
    SLICE_X35Y50         FDRE                                         r  counter_reg[24]/D
  -------------------------------------------------------------------    -------------------

                         (clock sys_clk_pin rise edge)
                                                      0.000     0.000 r  
    W5                                                0.000     0.000 r  CLK (IN)
                         net (fo=0)                   0.000     0.000    CLK
    W5                   IBUF (Prop_ibuf_I_O)         0.414     0.414 r  CLK_IBUF_inst/O
                         net (fo=1, routed)           0.685     1.099    CLK_IBUF
    BUFGCTRL_X0Y1        BUFG (Prop_bufg_I_O)         0.029     1.128 r  CLK_IBUF_BUFG_inst/O
                         net (fo=30, routed)          0.829     1.957    CLK_IBUF_BUFG
    SLICE_X35Y50         FDRE                                         r  counter_reg[24]/C
                         clock pessimism             -0.244     1.713    
    SLICE_X35Y50         FDRE (Hold_fdre_C_D)         0.105     1.818    counter_reg[24]
  -------------------------------------------------------------------
                         required time                         -1.818    
                         arrival time                           1.957    
  -------------------------------------------------------------------
                         slack                                  0.139    

Slack (MET) :             0.142ns  (arrival time - required time)
  Source:                 counter_reg[20]/C
                            (rising edge-triggered cell FDRE clocked by sys_clk_pin  {rise@0.000ns fall@5.000ns period=10.000ns})
  Destination:            counter_reg[25]/D
                            (rising edge-triggered cell FDRE clocked by sys_clk_pin  {rise@0.000ns fall@5.000ns period=10.000ns})
  Path Group:             sys_clk_pin
  Path Type:              Hold (Min at Fast Process Corner)
  Requirement:            0.000ns  (sys_clk_pin rise@0.000ns - sys_clk_pin rise@0.000ns)
  Data Path Delay:        0.514ns  (logic 0.394ns (76.658%)  route 0.120ns (23.342%))
  Logic Levels:           3  (CARRY4=3)
  Clock Path Skew:        0.267ns (DCD - SCD - CPR)
    Destination Clock Delay (DCD):    1.957ns
    Source Clock Delay      (SCD):    1.446ns
    Clock Pessimism Removal (CPR):    0.244ns

    Location             Delay type                Incr(ns)  Path(ns)    Netlist Resource(s)
  -------------------------------------------------------------------    -------------------
                         (clock sys_clk_pin rise edge)
                                                      0.000     0.000 r  
    W5                                                0.000     0.000 r  CLK (IN)
                         net (fo=0)                   0.000     0.000    CLK
    W5                   IBUF (Prop_ibuf_I_O)         0.226     0.226 r  CLK_IBUF_inst/O
                         net (fo=1, routed)           0.631     0.858    CLK_IBUF
    BUFGCTRL_X0Y1        BUFG (Prop_bufg_I_O)         0.026     0.884 r  CLK_IBUF_BUFG_inst/O
                         net (fo=30, routed)          0.563     1.446    CLK_IBUF_BUFG
    SLICE_X35Y49         FDRE                                         r  counter_reg[20]/C
  -------------------------------------------------------------------    -------------------
    SLICE_X35Y49         FDRE (Prop_fdre_C_Q)         0.141     1.587 r  counter_reg[20]/Q
                         net (fo=2, routed)           0.119     1.706    counter_reg_n_0_[20]
    SLICE_X35Y49         CARRY4 (Prop_carry4_S[3]_CO[3])
                                                      0.160     1.866 r  counter_reg[20]_i_1/CO[3]
                         net (fo=1, routed)           0.001     1.867    counter_reg[20]_i_1_n_0
    SLICE_X35Y50         CARRY4 (Prop_carry4_CI_CO[3])
                                                      0.039     1.906 r  counter_reg[24]_i_1/CO[3]
                         net (fo=1, routed)           0.000     1.906    counter_reg[24]_i_1_n_0
    SLICE_X35Y51         CARRY4 (Prop_carry4_CI_O[0])
                                                      0.054     1.960 r  counter_reg[28]_i_2/O[0]
                         net (fo=1, routed)           0.000     1.960    data0[25]
    SLICE_X35Y51         FDRE                                         r  counter_reg[25]/D
  -------------------------------------------------------------------    -------------------

                         (clock sys_clk_pin rise edge)
                                                      0.000     0.000 r  
    W5                                                0.000     0.000 r  CLK (IN)
                         net (fo=0)                   0.000     0.000    CLK
    W5                   IBUF (Prop_ibuf_I_O)         0.414     0.414 r  CLK_IBUF_inst/O
                         net (fo=1, routed)           0.685     1.099    CLK_IBUF
    BUFGCTRL_X0Y1        BUFG (Prop_bufg_I_O)         0.029     1.128 r  CLK_IBUF_BUFG_inst/O
                         net (fo=30, routed)          0.829     1.957    CLK_IBUF_BUFG
    SLICE_X35Y51         FDRE                                         r  counter_reg[25]/C
                         clock pessimism             -0.244     1.713    
    SLICE_X35Y51         FDRE (Hold_fdre_C_D)         0.105     1.818    counter_reg[25]
  -------------------------------------------------------------------
                         required time                         -1.818    
                         arrival time                           1.960    
  -------------------------------------------------------------------
                         slack                                  0.142    

Slack (MET) :             0.153ns  (arrival time - required time)
  Source:                 counter_reg[20]/C
                            (rising edge-triggered cell FDRE clocked by sys_clk_pin  {rise@0.000ns fall@5.000ns period=10.000ns})
  Destination:            counter_reg[27]/D
                            (rising edge-triggered cell FDRE clocked by sys_clk_pin  {rise@0.000ns fall@5.000ns period=10.000ns})
  Path Group:             sys_clk_pin
  Path Type:              Hold (Min at Fast Process Corner)
  Requirement:            0.000ns  (sys_clk_pin rise@0.000ns - sys_clk_pin rise@0.000ns)
  Data Path Delay:        0.525ns  (logic 0.405ns (77.147%)  route 0.120ns (22.853%))
  Logic Levels:           3  (CARRY4=3)
  Clock Path Skew:        0.267ns (DCD - SCD - CPR)
    Destination Clock Delay (DCD):    1.957ns
    Source Clock Delay      (SCD):    1.446ns
    Clock Pessimism Removal (CPR):    0.244ns

    Location             Delay type                Incr(ns)  Path(ns)    Netlist Resource(s)
  -------------------------------------------------------------------    -------------------
                         (clock sys_clk_pin rise edge)
                                                      0.000     0.000 r  
    W5                                                0.000     0.000 r  CLK (IN)
                         net (fo=0)                   0.000     0.000    CLK
    W5                   IBUF (Prop_ibuf_I_O)         0.226     0.226 r  CLK_IBUF_inst/O
                         net (fo=1, routed)           0.631     0.858    CLK_IBUF
    BUFGCTRL_X0Y1        BUFG (Prop_bufg_I_O)         0.026     0.884 r  CLK_IBUF_BUFG_inst/O
                         net (fo=30, routed)          0.563     1.446    CLK_IBUF_BUFG
    SLICE_X35Y49         FDRE                                         r  counter_reg[20]/C
  -------------------------------------------------------------------    -------------------
    SLICE_X35Y49         FDRE (Prop_fdre_C_Q)         0.141     1.587 r  counter_reg[20]/Q
                         net (fo=2, routed)           0.119     1.706    counter_reg_n_0_[20]
    SLICE_X35Y49         CARRY4 (Prop_carry4_S[3]_CO[3])
                                                      0.160     1.866 r  counter_reg[20]_i_1/CO[3]
                         net (fo=1, routed)           0.001     1.867    counter_reg[20]_i_1_n_0
    SLICE_X35Y50         CARRY4 (Prop_carry4_CI_CO[3])
                                                      0.039     1.906 r  counter_reg[24]_i_1/CO[3]
                         net (fo=1, routed)           0.000     1.906    counter_reg[24]_i_1_n_0
    SLICE_X35Y51         CARRY4 (Prop_carry4_CI_O[2])
                                                      0.065     1.971 r  counter_reg[28]_i_2/O[2]
                         net (fo=1, routed)           0.000     1.971    data0[27]
    SLICE_X35Y51         FDRE                                         r  counter_reg[27]/D
  -------------------------------------------------------------------    -------------------

                         (clock sys_clk_pin rise edge)
                                                      0.000     0.000 r  
    W5                                                0.000     0.000 r  CLK (IN)
                         net (fo=0)                   0.000     0.000    CLK
    W5                   IBUF (Prop_ibuf_I_O)         0.414     0.414 r  CLK_IBUF_inst/O
                         net (fo=1, routed)           0.685     1.099    CLK_IBUF
    BUFGCTRL_X0Y1        BUFG (Prop_bufg_I_O)         0.029     1.128 r  CLK_IBUF_BUFG_inst/O
                         net (fo=30, routed)          0.829     1.957    CLK_IBUF_BUFG
    SLICE_X35Y51         FDRE                                         r  counter_reg[27]/C
                         clock pessimism             -0.244     1.713    
    SLICE_X35Y51         FDRE (Hold_fdre_C_D)         0.105     1.818    counter_reg[27]
  -------------------------------------------------------------------
                         required time                         -1.818    
                         arrival time                           1.971    
  -------------------------------------------------------------------
                         slack                                  0.153    

Slack (MET) :             0.178ns  (arrival time - required time)
  Source:                 counter_reg[20]/C
                            (rising edge-triggered cell FDRE clocked by sys_clk_pin  {rise@0.000ns fall@5.000ns period=10.000ns})
  Destination:            counter_reg[26]/D
                            (rising edge-triggered cell FDRE clocked by sys_clk_pin  {rise@0.000ns fall@5.000ns period=10.000ns})
  Path Group:             sys_clk_pin
  Path Type:              Hold (Min at Fast Process Corner)
  Requirement:            0.000ns  (sys_clk_pin rise@0.000ns - sys_clk_pin rise@0.000ns)
  Data Path Delay:        0.550ns  (logic 0.430ns (78.186%)  route 0.120ns (21.814%))
  Logic Levels:           3  (CARRY4=3)
  Clock Path Skew:        0.267ns (DCD - SCD - CPR)
    Destination Clock Delay (DCD):    1.957ns
    Source Clock Delay      (SCD):    1.446ns
    Clock Pessimism Removal (CPR):    0.244ns

    Location             Delay type                Incr(ns)  Path(ns)    Netlist Resource(s)
  -------------------------------------------------------------------    -------------------
                         (clock sys_clk_pin rise edge)
                                                      0.000     0.000 r  
    W5                                                0.000     0.000 r  CLK (IN)
                         net (fo=0)                   0.000     0.000    CLK
    W5                   IBUF (Prop_ibuf_I_O)         0.226     0.226 r  CLK_IBUF_inst/O
                         net (fo=1, routed)           0.631     0.858    CLK_IBUF
    BUFGCTRL_X0Y1        BUFG (Prop_bufg_I_O)         0.026     0.884 r  CLK_IBUF_BUFG_inst/O
                         net (fo=30, routed)          0.563     1.446    CLK_IBUF_BUFG
    SLICE_X35Y49         FDRE                                         r  counter_reg[20]/C
  -------------------------------------------------------------------    -------------------
    SLICE_X35Y49         FDRE (Prop_fdre_C_Q)         0.141     1.587 r  counter_reg[20]/Q
                         net (fo=2, routed)           0.119     1.706    counter_reg_n_0_[20]
    SLICE_X35Y49         CARRY4 (Prop_carry4_S[3]_CO[3])
                                                      0.160     1.866 r  counter_reg[20]_i_1/CO[3]
                         net (fo=1, routed)           0.001     1.867    counter_reg[20]_i_1_n_0
    SLICE_X35Y50         CARRY4 (Prop_carry4_CI_CO[3])
                                                      0.039     1.906 r  counter_reg[24]_i_1/CO[3]
                         net (fo=1, routed)           0.000     1.906    counter_reg[24]_i_1_n_0
    SLICE_X35Y51         CARRY4 (Prop_carry4_CI_O[1])
                                                      0.090     1.996 r  counter_reg[28]_i_2/O[1]
                         net (fo=1, routed)           0.000     1.996    data0[26]
    SLICE_X35Y51         FDRE                                         r  counter_reg[26]/D
  -------------------------------------------------------------------    -------------------

                         (clock sys_clk_pin rise edge)
                                                      0.000     0.000 r  
    W5                                                0.000     0.000 r  CLK (IN)
                         net (fo=0)                   0.000     0.000    CLK
    W5                   IBUF (Prop_ibuf_I_O)         0.414     0.414 r  CLK_IBUF_inst/O
                         net (fo=1, routed)           0.685     1.099    CLK_IBUF
    BUFGCTRL_X0Y1        BUFG (Prop_bufg_I_O)         0.029     1.128 r  CLK_IBUF_BUFG_inst/O
                         net (fo=30, routed)          0.829     1.957    CLK_IBUF_BUFG
    SLICE_X35Y51         FDRE                                         r  counter_reg[26]/C
                         clock pessimism             -0.244     1.713    
    SLICE_X35Y51         FDRE (Hold_fdre_C_D)         0.105     1.818    counter_reg[26]
  -------------------------------------------------------------------
                         required time                         -1.818    
                         arrival time                           1.996    
  -------------------------------------------------------------------
                         slack                                  0.178    

Slack (MET) :             0.178ns  (arrival time - required time)
  Source:                 counter_reg[20]/C
                            (rising edge-triggered cell FDRE clocked by sys_clk_pin  {rise@0.000ns fall@5.000ns period=10.000ns})
  Destination:            counter_reg[28]/D
                            (rising edge-triggered cell FDRE clocked by sys_clk_pin  {rise@0.000ns fall@5.000ns period=10.000ns})
  Path Group:             sys_clk_pin
  Path Type:              Hold (Min at Fast Process Corner)
  Requirement:            0.000ns  (sys_clk_pin rise@0.000ns - sys_clk_pin rise@0.000ns)
  Data Path Delay:        0.550ns  (logic 0.430ns (78.186%)  route 0.120ns (21.814%))
  Logic Levels:           3  (CARRY4=3)
  Clock Path Skew:        0.267ns (DCD - SCD - CPR)
    Destination Clock Delay (DCD):    1.957ns
    Source Clock Delay      (SCD):    1.446ns
    Clock Pessimism Removal (CPR):    0.244ns

    Location             Delay type                Incr(ns)  Path(ns)    Netlist Resource(s)
  -------------------------------------------------------------------    -------------------
                         (clock sys_clk_pin rise edge)
                                                      0.000     0.000 r  
    W5                                                0.000     0.000 r  CLK (IN)
                         net (fo=0)                   0.000     0.000    CLK
    W5                   IBUF (Prop_ibuf_I_O)         0.226     0.226 r  CLK_IBUF_inst/O
                         net (fo=1, routed)           0.631     0.858    CLK_IBUF
    BUFGCTRL_X0Y1        BUFG (Prop_bufg_I_O)         0.026     0.884 r  CLK_IBUF_BUFG_inst/O
                         net (fo=30, routed)          0.563     1.446    CLK_IBUF_BUFG
    SLICE_X35Y49         FDRE                                         r  counter_reg[20]/C
  -------------------------------------------------------------------    -------------------
    SLICE_X35Y49         FDRE (Prop_fdre_C_Q)         0.141     1.587 r  counter_reg[20]/Q
                         net (fo=2, routed)           0.119     1.706    counter_reg_n_0_[20]
    SLICE_X35Y49         CARRY4 (Prop_carry4_S[3]_CO[3])
                                                      0.160     1.866 r  counter_reg[20]_i_1/CO[3]
                         net (fo=1, routed)           0.001     1.867    counter_reg[20]_i_1_n_0
    SLICE_X35Y50         CARRY4 (Prop_carry4_CI_CO[3])
                                                      0.039     1.906 r  counter_reg[24]_i_1/CO[3]
                         net (fo=1, routed)           0.000     1.906    counter_reg[24]_i_1_n_0
    SLICE_X35Y51         CARRY4 (Prop_carry4_CI_O[3])
                                                      0.090     1.996 r  counter_reg[28]_i_2/O[3]
                         net (fo=1, routed)           0.000     1.996    data0[28]
    SLICE_X35Y51         FDRE                                         r  counter_reg[28]/D
  -------------------------------------------------------------------    -------------------

                         (clock sys_clk_pin rise edge)
                                                      0.000     0.000 r  
    W5                                                0.000     0.000 r  CLK (IN)
                         net (fo=0)                   0.000     0.000    CLK
    W5                   IBUF (Prop_ibuf_I_O)         0.414     0.414 r  CLK_IBUF_inst/O
                         net (fo=1, routed)           0.685     1.099    CLK_IBUF
    BUFGCTRL_X0Y1        BUFG (Prop_bufg_I_O)         0.029     1.128 r  CLK_IBUF_BUFG_inst/O
                         net (fo=30, routed)          0.829     1.957    CLK_IBUF_BUFG
    SLICE_X35Y51         FDRE                                         r  counter_reg[28]/C
                         clock pessimism             -0.244     1.713    
    SLICE_X35Y51         FDRE (Hold_fdre_C_D)         0.105     1.818    counter_reg[28]
  -------------------------------------------------------------------
                         required time                         -1.818    
                         arrival time                           1.996    
  -------------------------------------------------------------------
                         slack                                  0.178    

Slack (MET) :             0.222ns  (arrival time - required time)
  Source:                 counter_reg[21]/C
                            (rising edge-triggered cell FDRE clocked by sys_clk_pin  {rise@0.000ns fall@5.000ns period=10.000ns})
  Destination:            counter_reg[0]/D
                            (rising edge-triggered cell FDRE clocked by sys_clk_pin  {rise@0.000ns fall@5.000ns period=10.000ns})
  Path Group:             sys_clk_pin
  Path Type:              Hold (Min at Fast Process Corner)
  Requirement:            0.000ns  (sys_clk_pin rise@0.000ns - sys_clk_pin rise@0.000ns)
  Data Path Delay:        0.623ns  (logic 0.229ns (36.786%)  route 0.394ns (63.214%))
  Logic Levels:           2  (LUT4=1 LUT6=1)
  Clock Path Skew:        0.270ns (DCD - SCD - CPR)
    Destination Clock Delay (DCD):    1.958ns
    Source Clock Delay      (SCD):    1.444ns
    Clock Pessimism Removal (CPR):    0.244ns

    Location             Delay type                Incr(ns)  Path(ns)    Netlist Resource(s)
  -------------------------------------------------------------------    -------------------
                         (clock sys_clk_pin rise edge)
                                                      0.000     0.000 r  
    W5                                                0.000     0.000 r  CLK (IN)
                         net (fo=0)                   0.000     0.000    CLK
    W5                   IBUF (Prop_ibuf_I_O)         0.226     0.226 r  CLK_IBUF_inst/O
                         net (fo=1, routed)           0.631     0.858    CLK_IBUF
    BUFGCTRL_X0Y1        BUFG (Prop_bufg_I_O)         0.026     0.884 r  CLK_IBUF_BUFG_inst/O
                         net (fo=30, routed)          0.561     1.444    CLK_IBUF_BUFG
    SLICE_X35Y50         FDRE                                         r  counter_reg[21]/C
  -------------------------------------------------------------------    -------------------
    SLICE_X35Y50         FDRE (Prop_fdre_C_Q)         0.141     1.585 r  counter_reg[21]/Q
                         net (fo=2, routed)           0.099     1.684    counter_reg_n_0_[21]
    SLICE_X34Y50         LUT6 (Prop_lut6_I2_O)        0.045     1.729 r  counter[0]_i_2/O
                         net (fo=3, routed)           0.294     2.024    counter[0]_i_2_n_0
    SLICE_X34Y46         LUT4 (Prop_lut4_I0_O)        0.043     2.067 r  counter[0]_i_1/O
                         net (fo=1, routed)           0.000     2.067    counter[0]
    SLICE_X34Y46         FDRE                                         r  counter_reg[0]/D
  -------------------------------------------------------------------    -------------------

                         (clock sys_clk_pin rise edge)
                                                      0.000     0.000 r  
    W5                                                0.000     0.000 r  CLK (IN)
                         net (fo=0)                   0.000     0.000    CLK
    W5                   IBUF (Prop_ibuf_I_O)         0.414     0.414 r  CLK_IBUF_inst/O
                         net (fo=1, routed)           0.685     1.099    CLK_IBUF
    BUFGCTRL_X0Y1        BUFG (Prop_bufg_I_O)         0.029     1.128 r  CLK_IBUF_BUFG_inst/O
                         net (fo=30, routed)          0.831     1.958    CLK_IBUF_BUFG
    SLICE_X34Y46         FDRE                                         r  counter_reg[0]/C
                         clock pessimism             -0.244     1.714    
    SLICE_X34Y46         FDRE (Hold_fdre_C_D)         0.131     1.845    counter_reg[0]
  -------------------------------------------------------------------
                         required time                         -1.845    
                         arrival time                           2.067    
  -------------------------------------------------------------------
                         slack                                  0.222    

Slack (MET) :             0.235ns  (arrival time - required time)
  Source:                 counter_reg[21]/C
                            (rising edge-triggered cell FDRE clocked by sys_clk_pin  {rise@0.000ns fall@5.000ns period=10.000ns})
  Destination:            clk1_reg[0]/D
                            (rising edge-triggered cell FDRE clocked by sys_clk_pin  {rise@0.000ns fall@5.000ns period=10.000ns})
  Path Group:             sys_clk_pin
  Path Type:              Hold (Min at Fast Process Corner)
  Requirement:            0.000ns  (sys_clk_pin rise@0.000ns - sys_clk_pin rise@0.000ns)
  Data Path Delay:        0.625ns  (logic 0.231ns (36.988%)  route 0.394ns (63.012%))
  Logic Levels:           2  (LUT5=1 LUT6=1)
  Clock Path Skew:        0.270ns (DCD - SCD - CPR)
    Destination Clock Delay (DCD):    1.958ns
    Source Clock Delay      (SCD):    1.444ns
    Clock Pessimism Removal (CPR):    0.244ns

    Location             Delay type                Incr(ns)  Path(ns)    Netlist Resource(s)
  -------------------------------------------------------------------    -------------------
                         (clock sys_clk_pin rise edge)
                                                      0.000     0.000 r  
    W5                                                0.000     0.000 r  CLK (IN)
                         net (fo=0)                   0.000     0.000    CLK
    W5                   IBUF (Prop_ibuf_I_O)         0.226     0.226 r  CLK_IBUF_inst/O
                         net (fo=1, routed)           0.631     0.858    CLK_IBUF
    BUFGCTRL_X0Y1        BUFG (Prop_bufg_I_O)         0.026     0.884 r  CLK_IBUF_BUFG_inst/O
                         net (fo=30, routed)          0.561     1.444    CLK_IBUF_BUFG
    SLICE_X35Y50         FDRE                                         r  counter_reg[21]/C
  -------------------------------------------------------------------    -------------------
    SLICE_X35Y50         FDRE (Prop_fdre_C_Q)         0.141     1.585 r  counter_reg[21]/Q
                         net (fo=2, routed)           0.099     1.684    counter_reg_n_0_[21]
    SLICE_X34Y50         LUT6 (Prop_lut6_I2_O)        0.045     1.729 r  counter[0]_i_2/O
                         net (fo=3, routed)           0.294     2.024    counter[0]_i_2_n_0
    SLICE_X34Y46         LUT5 (Prop_lut5_I3_O)        0.045     2.069 r  clk1[0]_i_1/O
                         net (fo=1, routed)           0.000     2.069    clk1[0]_i_1_n_0
    SLICE_X34Y46         FDRE                                         r  clk1_reg[0]/D
  -------------------------------------------------------------------    -------------------

                         (clock sys_clk_pin rise edge)
                                                      0.000     0.000 r  
    W5                                                0.000     0.000 r  CLK (IN)
                         net (fo=0)                   0.000     0.000    CLK
    W5                   IBUF (Prop_ibuf_I_O)         0.414     0.414 r  CLK_IBUF_inst/O
                         net (fo=1, routed)           0.685     1.099    CLK_IBUF
    BUFGCTRL_X0Y1        BUFG (Prop_bufg_I_O)         0.029     1.128 r  CLK_IBUF_BUFG_inst/O
                         net (fo=30, routed)          0.831     1.958    CLK_IBUF_BUFG
    SLICE_X34Y46         FDRE                                         r  clk1_reg[0]/C
                         clock pessimism             -0.244     1.714    
    SLICE_X34Y46         FDRE (Hold_fdre_C_D)         0.120     1.834    clk1_reg[0]
  -------------------------------------------------------------------
                         required time                         -1.834    
                         arrival time                           2.069    
  -------------------------------------------------------------------
                         slack                                  0.235    





Pulse Width Checks
--------------------------------------------------------------------------------------
Clock Name:         sys_clk_pin
Waveform(ns):       { 0.000 5.000 }
Period(ns):         10.000
Sources:            { CLK }

Check Type        Corner  Lib Pin  Reference Pin  Required(ns)  Actual(ns)  Slack(ns)  Location       Pin
Min Period        n/a     BUFG/I   n/a            2.155         10.000      7.845      BUFGCTRL_X0Y1  CLK_IBUF_BUFG_inst/I
Min Period        n/a     FDRE/C   n/a            1.000         10.000      9.000      SLICE_X34Y46   clk1_reg[0]/C
Min Period        n/a     FDRE/C   n/a            1.000         10.000      9.000      SLICE_X34Y46   counter_reg[0]/C
Min Period        n/a     FDRE/C   n/a            1.000         10.000      9.000      SLICE_X35Y47   counter_reg[10]/C
Min Period        n/a     FDRE/C   n/a            1.000         10.000      9.000      SLICE_X35Y47   counter_reg[11]/C
Min Period        n/a     FDRE/C   n/a            1.000         10.000      9.000      SLICE_X35Y47   counter_reg[12]/C
Min Period        n/a     FDRE/C   n/a            1.000         10.000      9.000      SLICE_X35Y48   counter_reg[13]/C
Min Period        n/a     FDRE/C   n/a            1.000         10.000      9.000      SLICE_X35Y48   counter_reg[14]/C
Min Period        n/a     FDRE/C   n/a            1.000         10.000      9.000      SLICE_X35Y48   counter_reg[15]/C
Min Period        n/a     FDRE/C   n/a            1.000         10.000      9.000      SLICE_X35Y48   counter_reg[16]/C
Low Pulse Width   Slow    FDRE/C   n/a            0.500         5.000       4.500      SLICE_X34Y46   clk1_reg[0]/C
Low Pulse Width   Fast    FDRE/C   n/a            0.500         5.000       4.500      SLICE_X34Y46   clk1_reg[0]/C
Low Pulse Width   Slow    FDRE/C   n/a            0.500         5.000       4.500      SLICE_X34Y46   counter_reg[0]/C
Low Pulse Width   Fast    FDRE/C   n/a            0.500         5.000       4.500      SLICE_X34Y46   counter_reg[0]/C
Low Pulse Width   Slow    FDRE/C   n/a            0.500         5.000       4.500      SLICE_X35Y47   counter_reg[10]/C
Low Pulse Width   Fast    FDRE/C   n/a            0.500         5.000       4.500      SLICE_X35Y47   counter_reg[10]/C
Low Pulse Width   Slow    FDRE/C   n/a            0.500         5.000       4.500      SLICE_X35Y47   counter_reg[11]/C
Low Pulse Width   Fast    FDRE/C   n/a            0.500         5.000       4.500      SLICE_X35Y47   counter_reg[11]/C
Low Pulse Width   Slow    FDRE/C   n/a            0.500         5.000       4.500      SLICE_X35Y47   counter_reg[12]/C
Low Pulse Width   Fast    FDRE/C   n/a            0.500         5.000       4.500      SLICE_X35Y47   counter_reg[12]/C
High Pulse Width  Fast    FDRE/C   n/a            0.500         5.000       4.500      SLICE_X34Y46   clk1_reg[0]/C
High Pulse Width  Fast    FDRE/C   n/a            0.500         5.000       4.500      SLICE_X34Y46   counter_reg[0]/C
High Pulse Width  Fast    FDRE/C   n/a            0.500         5.000       4.500      SLICE_X35Y47   counter_reg[10]/C
High Pulse Width  Fast    FDRE/C   n/a            0.500         5.000       4.500      SLICE_X35Y47   counter_reg[11]/C
High Pulse Width  Fast    FDRE/C   n/a            0.500         5.000       4.500      SLICE_X35Y47   counter_reg[12]/C
High Pulse Width  Fast    FDRE/C   n/a            0.500         5.000       4.500      SLICE_X35Y48   counter_reg[13]/C
High Pulse Width  Fast    FDRE/C   n/a            0.500         5.000       4.500      SLICE_X35Y48   counter_reg[14]/C
High Pulse Width  Fast    FDRE/C   n/a            0.500         5.000       4.500      SLICE_X35Y48   counter_reg[15]/C
High Pulse Width  Fast    FDRE/C   n/a            0.500         5.000       4.500      SLICE_X35Y48   counter_reg[16]/C
High Pulse Width  Fast    FDRE/C   n/a            0.500         5.000       4.500      SLICE_X35Y49   counter_reg[17]/C



